
Running 27 tests using 1 worker

  âœ“   1 [chromium] â€º e2e/01-project-management/uj-pm-002-open-project.spec.ts:124:9 â€º UJ-PM-002: Open Existing Project â€º Strict Flow: Open Project from Dashboard (1.5s)
  âœ“   2 [chromium] â€º e2e/01-project-management/uj-pm-002-open-project.spec.ts:223:9 â€º UJ-PM-002: Open Existing Project â€º Step 4: Opening Project from File System (775ms)
  âœ“   3 [chromium] â€º e2e/01-project-management/uj-pm-002-open-project.spec.ts:256:9 â€º UJ-PM-002: Open Existing Project â€º Step 5: Auto-Opening Last Project (559ms)
  âœ“   4 [chromium] â€º e2e/01-project-management/uj-pm-002-open-project.spec.ts:320:9 â€º UJ-PM-002: Open Existing Project â€º Edge Case: Project Corrupted or Invalid Data (1.2s)
  âœ˜   5 [chromium] â€º e2e/01-project-management/uj-pm-002-open-project.spec.ts:367:9 â€º UJ-PM-002: Open Existing Project â€º Edge Case: Version Mismatch - Newer Project Version (6.2s)
  âœ˜   6 [chromium] â€º e2e/01-project-management/uj-pm-002-open-project.spec.ts:367:9 â€º UJ-PM-002: Open Existing Project â€º Edge Case: Version Mismatch - Newer Project Version (retry #1) (6.6s)
  âœ˜   7 [chromium] â€º e2e/01-project-management/uj-pm-002-open-project.spec.ts:367:9 â€º UJ-PM-002: Open Existing Project â€º Edge Case: Version Mismatch - Newer Project Version (retry #2) (6.3s)
  âœ˜   8 [chromium] â€º e2e/01-project-management/uj-pm-002-open-project.spec.ts:398:9 â€º UJ-PM-002: Open Existing Project â€º Error Scenario: IndexedDB Read Failure (6.2s)
  âœ˜   9 [chromium] â€º e2e/01-project-management/uj-pm-002-open-project.spec.ts:398:9 â€º UJ-PM-002: Open Existing Project â€º Error Scenario: IndexedDB Read Failure (retry #1) (6.5s)
  âœ˜  10 [chromium] â€º e2e/01-project-management/uj-pm-002-open-project.spec.ts:398:9 â€º UJ-PM-002: Open Existing Project â€º Error Scenario: IndexedDB Read Failure (retry #2) (6.2s)
  âœ“  11 [chromium] â€º e2e/01-project-management/uj-pm-002-open-project.spec.ts:430:9 â€º UJ-PM-002: Open Existing Project â€º Keyboard Shortcuts: Dashboard Navigation (1.4s)
  âœ“  12 [chromium] â€º e2e/01-project-management/uj-pm-002-open-project.spec.ts:480:9 â€º UJ-PM-002: Open Existing Project â€º Verify Recent Projects Section (235ms)
  âœ“  13 [chromium] â€º e2e/01-project-management/uj-pm-002-open-project.spec.ts:509:9 â€º UJ-PM-002: Open Existing Project â€º Empty State: No Projects (205ms)
  âœ“  14 [firefox] â€º e2e/01-project-management/uj-pm-002-open-project.spec.ts:124:9 â€º UJ-PM-002: Open Existing Project â€º Strict Flow: Open Project from Dashboard (2.5s)
  âœ“  15 [firefox] â€º e2e/01-project-management/uj-pm-002-open-project.spec.ts:223:9 â€º UJ-PM-002: Open Existing Project â€º Step 4: Opening Project from File System (980ms)
  âœ“  16 [firefox] â€º e2e/01-project-management/uj-pm-002-open-project.spec.ts:256:9 â€º UJ-PM-002: Open Existing Project â€º Step 5: Auto-Opening Last Project (792ms)
  âœ“  17 [firefox] â€º e2e/01-project-management/uj-pm-002-open-project.spec.ts:320:9 â€º UJ-PM-002: Open Existing Project â€º Edge Case: Project Corrupted or Invalid Data (1.5s)
  âœ˜  18 [firefox] â€º e2e/01-project-management/uj-pm-002-open-project.spec.ts:367:9 â€º UJ-PM-002: Open Existing Project â€º Edge Case: Version Mismatch - Newer Project Version (6.5s)
  âœ˜  19 [firefox] â€º e2e/01-project-management/uj-pm-002-open-project.spec.ts:367:9 â€º UJ-PM-002: Open Existing Project â€º Edge Case: Version Mismatch - Newer Project Version (retry #1) (7.6s)
  âœ˜  20 [firefox] â€º e2e/01-project-management/uj-pm-002-open-project.spec.ts:367:9 â€º UJ-PM-002: Open Existing Project â€º Edge Case: Version Mismatch - Newer Project Version (retry #2) (7.3s)
  âœ˜  21 [firefox] â€º e2e/01-project-management/uj-pm-002-open-project.spec.ts:398:9 â€º UJ-PM-002: Open Existing Project â€º Error Scenario: IndexedDB Read Failure (7.1s)
  âœ˜  22 [firefox] â€º e2e/01-project-management/uj-pm-002-open-project.spec.ts:398:9 â€º UJ-PM-002: Open Existing Project â€º Error Scenario: IndexedDB Read Failure (retry #1) (7.5s)
  âœ˜  23 [firefox] â€º e2e/01-project-management/uj-pm-002-open-project.spec.ts:398:9 â€º UJ-PM-002: Open Existing Project â€º Error Scenario: IndexedDB Read Failure (retry #2) (7.1s)
  âœ“  24 [firefox] â€º e2e/01-project-management/uj-pm-002-open-project.spec.ts:430:9 â€º UJ-PM-002: Open Existing Project â€º Keyboard Shortcuts: Dashboard Navigation (2.3s)
  âœ“  25 [firefox] â€º e2e/01-project-management/uj-pm-002-open-project.spec.ts:480:9 â€º UJ-PM-002: Open Existing Project â€º Verify Recent Projects Section (504ms)
  âœ“  26 [firefox] â€º e2e/01-project-management/uj-pm-002-open-project.spec.ts:509:9 â€º UJ-PM-002: Open Existing Project â€º Empty State: No Projects (348ms)
  âœ“  27 [webkit] â€º e2e/01-project-management/uj-pm-002-open-project.spec.ts:124:9 â€º UJ-PM-002: Open Existing Project â€º Strict Flow: Open Project from Dashboard (2.5s)
  âœ“  28 [webkit] â€º e2e/01-project-management/uj-pm-002-open-project.spec.ts:223:9 â€º UJ-PM-002: Open Existing Project â€º Step 4: Opening Project from File System (1.5s)
  âœ“  29 [webkit] â€º e2e/01-project-management/uj-pm-002-open-project.spec.ts:256:9 â€º UJ-PM-002: Open Existing Project â€º Step 5: Auto-Opening Last Project (1.3s)
  âœ“  30 [webkit] â€º e2e/01-project-management/uj-pm-002-open-project.spec.ts:320:9 â€º UJ-PM-002: Open Existing Project â€º Edge Case: Project Corrupted or Invalid Data (1.9s)
  âœ˜  31 [webkit] â€º e2e/01-project-management/uj-pm-002-open-project.spec.ts:367:9 â€º UJ-PM-002: Open Existing Project â€º Edge Case: Version Mismatch - Newer Project Version (7.0s)
  âœ˜  32 [webkit] â€º e2e/01-project-management/uj-pm-002-open-project.spec.ts:367:9 â€º UJ-PM-002: Open Existing Project â€º Edge Case: Version Mismatch - Newer Project Version (retry #1) (7.2s)
  âœ˜  33 [webkit] â€º e2e/01-project-management/uj-pm-002-open-project.spec.ts:367:9 â€º UJ-PM-002: Open Existing Project â€º Edge Case: Version Mismatch - Newer Project Version (retry #2) (7.0s)
  âœ˜  34 [webkit] â€º e2e/01-project-management/uj-pm-002-open-project.spec.ts:398:9 â€º UJ-PM-002: Open Existing Project â€º Error Scenario: IndexedDB Read Failure (6.9s)
  âœ˜  35 [webkit] â€º e2e/01-project-management/uj-pm-002-open-project.spec.ts:398:9 â€º UJ-PM-002: Open Existing Project â€º Error Scenario: IndexedDB Read Failure (retry #1) (7.3s)
  âœ˜  36 [webkit] â€º e2e/01-project-management/uj-pm-002-open-project.spec.ts:398:9 â€º UJ-PM-002: Open Existing Project â€º Error Scenario: IndexedDB Read Failure (retry #2) (6.9s)
  âœ“  37 [webkit] â€º e2e/01-project-management/uj-pm-002-open-project.spec.ts:430:9 â€º UJ-PM-002: Open Existing Project â€º Keyboard Shortcuts: Dashboard Navigation (2.2s)
  âœ“  38 [webkit] â€º e2e/01-project-management/uj-pm-002-open-project.spec.ts:480:9 â€º UJ-PM-002: Open Existing Project â€º Verify Recent Projects Section (1.1s)
  âœ“  39 [webkit] â€º e2e/01-project-management/uj-pm-002-open-project.spec.ts:509:9 â€º UJ-PM-002: Open Existing Project â€º Empty State: No Projects (855ms)


  1) [chromium] â€º e2e/01-project-management/uj-pm-002-open-project.spec.ts:367:9 â€º UJ-PM-002: Open Existing Project â€º Edge Case: Version Mismatch - Newer Project Version â€º Edge Case: Version Mismatch Handling 

    Error: [2mexpect([22m[31mlocator[39m[2m).[22mtoBeVisible[2m([22m[2m)[22m failed

    Locator: getByText(/newer.*version/i)
    Expected: visible
    Timeout: 5000ms
    Error: element(s) not found

    Call log:
    [2m  - Expect "toBeVisible" with timeout 5000ms[22m
    [2m  - waiting for getByText(/newer.*version/i)[22m


      388 |
      389 |             // Verify version warning appears
    > 390 |             await expect(page.getByText(/newer.*version/i)).toBeVisible();
          |                                                             ^
      391 |
      392 |             // Verify options presented
      393 |             // await expect(page.getByRole('button', { name: /open anyway/i })).toBeVisible();
        at /app/e2e/01-project-management/uj-pm-002-open-project.spec.ts:390:61
        at /app/e2e/01-project-management/uj-pm-002-open-project.spec.ts:376:9

    attachment #1: screenshot (image/png) â”€â”€â”€â”€â”€â”€â”€â”€â”€â”€â”€â”€â”€â”€â”€â”€â”€â”€â”€â”€â”€â”€â”€â”€â”€â”€â”€â”€â”€â”€â”€â”€â”€â”€â”€â”€â”€â”€â”€â”€â”€â”€â”€â”€â”€â”€â”€â”€â”€â”€â”€â”€â”€â”€â”€â”€â”€â”€
    test-results/01-project-management-uj-p-970fd-tch---Newer-Project-Version-chromium/test-failed-1.png
    â”€â”€â”€â”€â”€â”€â”€â”€â”€â”€â”€â”€â”€â”€â”€â”€â”€â”€â”€â”€â”€â”€â”€â”€â”€â”€â”€â”€â”€â”€â”€â”€â”€â”€â”€â”€â”€â”€â”€â”€â”€â”€â”€â”€â”€â”€â”€â”€â”€â”€â”€â”€â”€â”€â”€â”€â”€â”€â”€â”€â”€â”€â”€â”€â”€â”€â”€â”€â”€â”€â”€â”€â”€â”€â”€â”€â”€â”€â”€â”€â”€â”€â”€â”€â”€â”€â”€â”€â”€â”€â”€â”€â”€â”€â”€â”€

    Error Context: test-results/01-project-management-uj-p-970fd-tch---Newer-Project-Version-chromium/error-context.md

    Retry #1 â”€â”€â”€â”€â”€â”€â”€â”€â”€â”€â”€â”€â”€â”€â”€â”€â”€â”€â”€â”€â”€â”€â”€â”€â”€â”€â”€â”€â”€â”€â”€â”€â”€â”€â”€â”€â”€â”€â”€â”€â”€â”€â”€â”€â”€â”€â”€â”€â”€â”€â”€â”€â”€â”€â”€â”€â”€â”€â”€â”€â”€â”€â”€â”€â”€â”€â”€â”€â”€â”€â”€â”€â”€â”€â”€â”€â”€â”€â”€â”€â”€â”€â”€â”€â”€â”€â”€

    Error: [2mexpect([22m[31mlocator[39m[2m).[22mtoBeVisible[2m([22m[2m)[22m failed

    Locator: getByText(/newer.*version/i)
    Expected: visible
    Timeout: 5000ms
    Error: element(s) not found

    Call log:
    [2m  - Expect "toBeVisible" with timeout 5000ms[22m
    [2m  - waiting for getByText(/newer.*version/i)[22m


      388 |
      389 |             // Verify version warning appears
    > 390 |             await expect(page.getByText(/newer.*version/i)).toBeVisible();
          |                                                             ^
      391 |
      392 |             // Verify options presented
      393 |             // await expect(page.getByRole('button', { name: /open anyway/i })).toBeVisible();
        at /app/e2e/01-project-management/uj-pm-002-open-project.spec.ts:390:61
        at /app/e2e/01-project-management/uj-pm-002-open-project.spec.ts:376:9

    attachment #1: screenshot (image/png) â”€â”€â”€â”€â”€â”€â”€â”€â”€â”€â”€â”€â”€â”€â”€â”€â”€â”€â”€â”€â”€â”€â”€â”€â”€â”€â”€â”€â”€â”€â”€â”€â”€â”€â”€â”€â”€â”€â”€â”€â”€â”€â”€â”€â”€â”€â”€â”€â”€â”€â”€â”€â”€â”€â”€â”€â”€â”€
    test-results/01-project-management-uj-p-970fd-tch---Newer-Project-Version-chromium-retry1/test-failed-1.png
    â”€â”€â”€â”€â”€â”€â”€â”€â”€â”€â”€â”€â”€â”€â”€â”€â”€â”€â”€â”€â”€â”€â”€â”€â”€â”€â”€â”€â”€â”€â”€â”€â”€â”€â”€â”€â”€â”€â”€â”€â”€â”€â”€â”€â”€â”€â”€â”€â”€â”€â”€â”€â”€â”€â”€â”€â”€â”€â”€â”€â”€â”€â”€â”€â”€â”€â”€â”€â”€â”€â”€â”€â”€â”€â”€â”€â”€â”€â”€â”€â”€â”€â”€â”€â”€â”€â”€â”€â”€â”€â”€â”€â”€â”€â”€â”€

    attachment #2: video (video/webm) â”€â”€â”€â”€â”€â”€â”€â”€â”€â”€â”€â”€â”€â”€â”€â”€â”€â”€â”€â”€â”€â”€â”€â”€â”€â”€â”€â”€â”€â”€â”€â”€â”€â”€â”€â”€â”€â”€â”€â”€â”€â”€â”€â”€â”€â”€â”€â”€â”€â”€â”€â”€â”€â”€â”€â”€â”€â”€â”€â”€â”€â”€
    test-results/01-project-management-uj-p-970fd-tch---Newer-Project-Version-chromium-retry1/video.webm
    â”€â”€â”€â”€â”€â”€â”€â”€â”€â”€â”€â”€â”€â”€â”€â”€â”€â”€â”€â”€â”€â”€â”€â”€â”€â”€â”€â”€â”€â”€â”€â”€â”€â”€â”€â”€â”€â”€â”€â”€â”€â”€â”€â”€â”€â”€â”€â”€â”€â”€â”€â”€â”€â”€â”€â”€â”€â”€â”€â”€â”€â”€â”€â”€â”€â”€â”€â”€â”€â”€â”€â”€â”€â”€â”€â”€â”€â”€â”€â”€â”€â”€â”€â”€â”€â”€â”€â”€â”€â”€â”€â”€â”€â”€â”€â”€

    Error Context: test-results/01-project-management-uj-p-970fd-tch---Newer-Project-Version-chromium-retry1/error-context.md

    attachment #4: trace (application/zip) â”€â”€â”€â”€â”€â”€â”€â”€â”€â”€â”€â”€â”€â”€â”€â”€â”€â”€â”€â”€â”€â”€â”€â”€â”€â”€â”€â”€â”€â”€â”€â”€â”€â”€â”€â”€â”€â”€â”€â”€â”€â”€â”€â”€â”€â”€â”€â”€â”€â”€â”€â”€â”€â”€â”€â”€â”€
    test-results/01-project-management-uj-p-970fd-tch---Newer-Project-Version-chromium-retry1/trace.zip
    Usage:

        npx playwright show-trace test-results/01-project-management-uj-p-970fd-tch---Newer-Project-Version-chromium-retry1/trace.zip

    â”€â”€â”€â”€â”€â”€â”€â”€â”€â”€â”€â”€â”€â”€â”€â”€â”€â”€â”€â”€â”€â”€â”€â”€â”€â”€â”€â”€â”€â”€â”€â”€â”€â”€â”€â”€â”€â”€â”€â”€â”€â”€â”€â”€â”€â”€â”€â”€â”€â”€â”€â”€â”€â”€â”€â”€â”€â”€â”€â”€â”€â”€â”€â”€â”€â”€â”€â”€â”€â”€â”€â”€â”€â”€â”€â”€â”€â”€â”€â”€â”€â”€â”€â”€â”€â”€â”€â”€â”€â”€â”€â”€â”€â”€â”€â”€

    Retry #2 â”€â”€â”€â”€â”€â”€â”€â”€â”€â”€â”€â”€â”€â”€â”€â”€â”€â”€â”€â”€â”€â”€â”€â”€â”€â”€â”€â”€â”€â”€â”€â”€â”€â”€â”€â”€â”€â”€â”€â”€â”€â”€â”€â”€â”€â”€â”€â”€â”€â”€â”€â”€â”€â”€â”€â”€â”€â”€â”€â”€â”€â”€â”€â”€â”€â”€â”€â”€â”€â”€â”€â”€â”€â”€â”€â”€â”€â”€â”€â”€â”€â”€â”€â”€â”€â”€â”€

    Error: [2mexpect([22m[31mlocator[39m[2m).[22mtoBeVisible[2m([22m[2m)[22m failed

    Locator: getByText(/newer.*version/i)
    Expected: visible
    Timeout: 5000ms
    Error: element(s) not found

    Call log:
    [2m  - Expect "toBeVisible" with timeout 5000ms[22m
    [2m  - waiting for getByText(/newer.*version/i)[22m


      388 |
      389 |             // Verify version warning appears
    > 390 |             await expect(page.getByText(/newer.*version/i)).toBeVisible();
          |                                                             ^
      391 |
      392 |             // Verify options presented
      393 |             // await expect(page.getByRole('button', { name: /open anyway/i })).toBeVisible();
        at /app/e2e/01-project-management/uj-pm-002-open-project.spec.ts:390:61
        at /app/e2e/01-project-management/uj-pm-002-open-project.spec.ts:376:9

    attachment #1: screenshot (image/png) â”€â”€â”€â”€â”€â”€â”€â”€â”€â”€â”€â”€â”€â”€â”€â”€â”€â”€â”€â”€â”€â”€â”€â”€â”€â”€â”€â”€â”€â”€â”€â”€â”€â”€â”€â”€â”€â”€â”€â”€â”€â”€â”€â”€â”€â”€â”€â”€â”€â”€â”€â”€â”€â”€â”€â”€â”€â”€
    test-results/01-project-management-uj-p-970fd-tch---Newer-Project-Version-chromium-retry2/test-failed-1.png
    â”€â”€â”€â”€â”€â”€â”€â”€â”€â”€â”€â”€â”€â”€â”€â”€â”€â”€â”€â”€â”€â”€â”€â”€â”€â”€â”€â”€â”€â”€â”€â”€â”€â”€â”€â”€â”€â”€â”€â”€â”€â”€â”€â”€â”€â”€â”€â”€â”€â”€â”€â”€â”€â”€â”€â”€â”€â”€â”€â”€â”€â”€â”€â”€â”€â”€â”€â”€â”€â”€â”€â”€â”€â”€â”€â”€â”€â”€â”€â”€â”€â”€â”€â”€â”€â”€â”€â”€â”€â”€â”€â”€â”€â”€â”€â”€

    Error Context: test-results/01-project-management-uj-p-970fd-tch---Newer-Project-Version-chromium-retry2/error-context.md

  2) [chromium] â€º e2e/01-project-management/uj-pm-002-open-project.spec.ts:398:9 â€º UJ-PM-002: Open Existing Project â€º Error Scenario: IndexedDB Read Failure â€º Error Scenario: IndexedDB Failure 

    Error: [2mexpect([22m[31mlocator[39m[2m).[22mtoBeVisible[2m([22m[2m)[22m failed

    Locator: getByText(/unable to load project/i)
    Expected: visible
    Timeout: 5000ms
    Error: element(s) not found

    Call log:
    [2m  - Expect "toBeVisible" with timeout 5000ms[22m
    [2m  - waiting for getByText(/unable to load project/i)[22m


      419 |
      420 |             // Verify error message displayed
    > 421 |             await expect(page.getByText(/unable to load project/i)).toBeVisible();
          |                                                                     ^
      422 |             // Or check for specific error code
      423 |             // await expect(page.getByText(/ERR_INDEXEDDB_READ_FAILED/i)).toBeVisible();
      424 |
        at /app/e2e/01-project-management/uj-pm-002-open-project.spec.ts:421:69
        at /app/e2e/01-project-management/uj-pm-002-open-project.spec.ts:401:9

    attachment #1: screenshot (image/png) â”€â”€â”€â”€â”€â”€â”€â”€â”€â”€â”€â”€â”€â”€â”€â”€â”€â”€â”€â”€â”€â”€â”€â”€â”€â”€â”€â”€â”€â”€â”€â”€â”€â”€â”€â”€â”€â”€â”€â”€â”€â”€â”€â”€â”€â”€â”€â”€â”€â”€â”€â”€â”€â”€â”€â”€â”€â”€
    test-results/01-project-management-uj-p-a5686-ario-IndexedDB-Read-Failure-chromium/test-failed-1.png
    â”€â”€â”€â”€â”€â”€â”€â”€â”€â”€â”€â”€â”€â”€â”€â”€â”€â”€â”€â”€â”€â”€â”€â”€â”€â”€â”€â”€â”€â”€â”€â”€â”€â”€â”€â”€â”€â”€â”€â”€â”€â”€â”€â”€â”€â”€â”€â”€â”€â”€â”€â”€â”€â”€â”€â”€â”€â”€â”€â”€â”€â”€â”€â”€â”€â”€â”€â”€â”€â”€â”€â”€â”€â”€â”€â”€â”€â”€â”€â”€â”€â”€â”€â”€â”€â”€â”€â”€â”€â”€â”€â”€â”€â”€â”€â”€

    Error Context: test-results/01-project-management-uj-p-a5686-ario-IndexedDB-Read-Failure-chromium/error-context.md

    Retry #1 â”€â”€â”€â”€â”€â”€â”€â”€â”€â”€â”€â”€â”€â”€â”€â”€â”€â”€â”€â”€â”€â”€â”€â”€â”€â”€â”€â”€â”€â”€â”€â”€â”€â”€â”€â”€â”€â”€â”€â”€â”€â”€â”€â”€â”€â”€â”€â”€â”€â”€â”€â”€â”€â”€â”€â”€â”€â”€â”€â”€â”€â”€â”€â”€â”€â”€â”€â”€â”€â”€â”€â”€â”€â”€â”€â”€â”€â”€â”€â”€â”€â”€â”€â”€â”€â”€â”€

    Error: [2mexpect([22m[31mlocator[39m[2m).[22mtoBeVisible[2m([22m[2m)[22m failed

    Locator: getByText(/unable to load project/i)
    Expected: visible
    Timeout: 5000ms
    Error: element(s) not found

    Call log:
    [2m  - Expect "toBeVisible" with timeout 5000ms[22m
    [2m  - waiting for getByText(/unable to load project/i)[22m


      419 |
      420 |             // Verify error message displayed
    > 421 |             await expect(page.getByText(/unable to load project/i)).toBeVisible();
          |                                                                     ^
      422 |             // Or check for specific error code
      423 |             // await expect(page.getByText(/ERR_INDEXEDDB_READ_FAILED/i)).toBeVisible();
      424 |
        at /app/e2e/01-project-management/uj-pm-002-open-project.spec.ts:421:69
        at /app/e2e/01-project-management/uj-pm-002-open-project.spec.ts:401:9

    attachment #1: screenshot (image/png) â”€â”€â”€â”€â”€â”€â”€â”€â”€â”€â”€â”€â”€â”€â”€â”€â”€â”€â”€â”€â”€â”€â”€â”€â”€â”€â”€â”€â”€â”€â”€â”€â”€â”€â”€â”€â”€â”€â”€â”€â”€â”€â”€â”€â”€â”€â”€â”€â”€â”€â”€â”€â”€â”€â”€â”€â”€â”€
    test-results/01-project-management-uj-p-a5686-ario-IndexedDB-Read-Failure-chromium-retry1/test-failed-1.png
    â”€â”€â”€â”€â”€â”€â”€â”€â”€â”€â”€â”€â”€â”€â”€â”€â”€â”€â”€â”€â”€â”€â”€â”€â”€â”€â”€â”€â”€â”€â”€â”€â”€â”€â”€â”€â”€â”€â”€â”€â”€â”€â”€â”€â”€â”€â”€â”€â”€â”€â”€â”€â”€â”€â”€â”€â”€â”€â”€â”€â”€â”€â”€â”€â”€â”€â”€â”€â”€â”€â”€â”€â”€â”€â”€â”€â”€â”€â”€â”€â”€â”€â”€â”€â”€â”€â”€â”€â”€â”€â”€â”€â”€â”€â”€â”€

    attachment #2: video (video/webm) â”€â”€â”€â”€â”€â”€â”€â”€â”€â”€â”€â”€â”€â”€â”€â”€â”€â”€â”€â”€â”€â”€â”€â”€â”€â”€â”€â”€â”€â”€â”€â”€â”€â”€â”€â”€â”€â”€â”€â”€â”€â”€â”€â”€â”€â”€â”€â”€â”€â”€â”€â”€â”€â”€â”€â”€â”€â”€â”€â”€â”€â”€
    test-results/01-project-management-uj-p-a5686-ario-IndexedDB-Read-Failure-chromium-retry1/video.webm
    â”€â”€â”€â”€â”€â”€â”€â”€â”€â”€â”€â”€â”€â”€â”€â”€â”€â”€â”€â”€â”€â”€â”€â”€â”€â”€â”€â”€â”€â”€â”€â”€â”€â”€â”€â”€â”€â”€â”€â”€â”€â”€â”€â”€â”€â”€â”€â”€â”€â”€â”€â”€â”€â”€â”€â”€â”€â”€â”€â”€â”€â”€â”€â”€â”€â”€â”€â”€â”€â”€â”€â”€â”€â”€â”€â”€â”€â”€â”€â”€â”€â”€â”€â”€â”€â”€â”€â”€â”€â”€â”€â”€â”€â”€â”€â”€

    Error Context: test-results/01-project-management-uj-p-a5686-ario-IndexedDB-Read-Failure-chromium-retry1/error-context.md

    attachment #4: trace (application/zip) â”€â”€â”€â”€â”€â”€â”€â”€â”€â”€â”€â”€â”€â”€â”€â”€â”€â”€â”€â”€â”€â”€â”€â”€â”€â”€â”€â”€â”€â”€â”€â”€â”€â”€â”€â”€â”€â”€â”€â”€â”€â”€â”€â”€â”€â”€â”€â”€â”€â”€â”€â”€â”€â”€â”€â”€â”€
    test-results/01-project-management-uj-p-a5686-ario-IndexedDB-Read-Failure-chromium-retry1/trace.zip
    Usage:

        npx playwright show-trace test-results/01-project-management-uj-p-a5686-ario-IndexedDB-Read-Failure-chromium-retry1/trace.zip

    â”€â”€â”€â”€â”€â”€â”€â”€â”€â”€â”€â”€â”€â”€â”€â”€â”€â”€â”€â”€â”€â”€â”€â”€â”€â”€â”€â”€â”€â”€â”€â”€â”€â”€â”€â”€â”€â”€â”€â”€â”€â”€â”€â”€â”€â”€â”€â”€â”€â”€â”€â”€â”€â”€â”€â”€â”€â”€â”€â”€â”€â”€â”€â”€â”€â”€â”€â”€â”€â”€â”€â”€â”€â”€â”€â”€â”€â”€â”€â”€â”€â”€â”€â”€â”€â”€â”€â”€â”€â”€â”€â”€â”€â”€â”€â”€

    Retry #2 â”€â”€â”€â”€â”€â”€â”€â”€â”€â”€â”€â”€â”€â”€â”€â”€â”€â”€â”€â”€â”€â”€â”€â”€â”€â”€â”€â”€â”€â”€â”€â”€â”€â”€â”€â”€â”€â”€â”€â”€â”€â”€â”€â”€â”€â”€â”€â”€â”€â”€â”€â”€â”€â”€â”€â”€â”€â”€â”€â”€â”€â”€â”€â”€â”€â”€â”€â”€â”€â”€â”€â”€â”€â”€â”€â”€â”€â”€â”€â”€â”€â”€â”€â”€â”€â”€â”€

    Error: [2mexpect([22m[31mlocator[39m[2m).[22mtoBeVisible[2m([22m[2m)[22m failed

    Locator: getByText(/unable to load project/i)
    Expected: visible
    Timeout: 5000ms
    Error: element(s) not found

    Call log:
    [2m  - Expect "toBeVisible" with timeout 5000ms[22m
    [2m  - waiting for getByText(/unable to load project/i)[22m


      419 |
      420 |             // Verify error message displayed
    > 421 |             await expect(page.getByText(/unable to load project/i)).toBeVisible();
          |                                                                     ^
      422 |             // Or check for specific error code
      423 |             // await expect(page.getByText(/ERR_INDEXEDDB_READ_FAILED/i)).toBeVisible();
      424 |
        at /app/e2e/01-project-management/uj-pm-002-open-project.spec.ts:421:69
        at /app/e2e/01-project-management/uj-pm-002-open-project.spec.ts:401:9

    attachment #1: screenshot (image/png) â”€â”€â”€â”€â”€â”€â”€â”€â”€â”€â”€â”€â”€â”€â”€â”€â”€â”€â”€â”€â”€â”€â”€â”€â”€â”€â”€â”€â”€â”€â”€â”€â”€â”€â”€â”€â”€â”€â”€â”€â”€â”€â”€â”€â”€â”€â”€â”€â”€â”€â”€â”€â”€â”€â”€â”€â”€â”€
    test-results/01-project-management-uj-p-a5686-ario-IndexedDB-Read-Failure-chromium-retry2/test-failed-1.png
    â”€â”€â”€â”€â”€â”€â”€â”€â”€â”€â”€â”€â”€â”€â”€â”€â”€â”€â”€â”€â”€â”€â”€â”€â”€â”€â”€â”€â”€â”€â”€â”€â”€â”€â”€â”€â”€â”€â”€â”€â”€â”€â”€â”€â”€â”€â”€â”€â”€â”€â”€â”€â”€â”€â”€â”€â”€â”€â”€â”€â”€â”€â”€â”€â”€â”€â”€â”€â”€â”€â”€â”€â”€â”€â”€â”€â”€â”€â”€â”€â”€â”€â”€â”€â”€â”€â”€â”€â”€â”€â”€â”€â”€â”€â”€â”€

    Error Context: test-results/01-project-management-uj-p-a5686-ario-IndexedDB-Read-Failure-chromium-retry2/error-context.md

  3) [firefox] â€º e2e/01-project-management/uj-pm-002-open-project.spec.ts:367:9 â€º UJ-PM-002: Open Existing Project â€º Edge Case: Version Mismatch - Newer Project Version â€º Edge Case: Version Mismatch Handling 

    Error: [2mexpect([22m[31mlocator[39m[2m).[22mtoBeVisible[2m([22m[2m)[22m failed

    Locator: getByText(/newer.*version/i)
    Expected: visible
    Timeout: 5000ms
    Error: element(s) not found

    Call log:
    [2m  - Expect "toBeVisible" with timeout 5000ms[22m
    [2m  - waiting for getByText(/newer.*version/i)[22m


      388 |
      389 |             // Verify version warning appears
    > 390 |             await expect(page.getByText(/newer.*version/i)).toBeVisible();
          |                                                             ^
      391 |
      392 |             // Verify options presented
      393 |             // await expect(page.getByRole('button', { name: /open anyway/i })).toBeVisible();
        at /app/e2e/01-project-management/uj-pm-002-open-project.spec.ts:390:61
        at /app/e2e/01-project-management/uj-pm-002-open-project.spec.ts:376:9

    attachment #1: screenshot (image/png) â”€â”€â”€â”€â”€â”€â”€â”€â”€â”€â”€â”€â”€â”€â”€â”€â”€â”€â”€â”€â”€â”€â”€â”€â”€â”€â”€â”€â”€â”€â”€â”€â”€â”€â”€â”€â”€â”€â”€â”€â”€â”€â”€â”€â”€â”€â”€â”€â”€â”€â”€â”€â”€â”€â”€â”€â”€â”€
    test-results/01-project-management-uj-p-970fd-tch---Newer-Project-Version-firefox/test-failed-1.png
    â”€â”€â”€â”€â”€â”€â”€â”€â”€â”€â”€â”€â”€â”€â”€â”€â”€â”€â”€â”€â”€â”€â”€â”€â”€â”€â”€â”€â”€â”€â”€â”€â”€â”€â”€â”€â”€â”€â”€â”€â”€â”€â”€â”€â”€â”€â”€â”€â”€â”€â”€â”€â”€â”€â”€â”€â”€â”€â”€â”€â”€â”€â”€â”€â”€â”€â”€â”€â”€â”€â”€â”€â”€â”€â”€â”€â”€â”€â”€â”€â”€â”€â”€â”€â”€â”€â”€â”€â”€â”€â”€â”€â”€â”€â”€â”€

    Error Context: test-results/01-project-management-uj-p-970fd-tch---Newer-Project-Version-firefox/error-context.md

    Retry #1 â”€â”€â”€â”€â”€â”€â”€â”€â”€â”€â”€â”€â”€â”€â”€â”€â”€â”€â”€â”€â”€â”€â”€â”€â”€â”€â”€â”€â”€â”€â”€â”€â”€â”€â”€â”€â”€â”€â”€â”€â”€â”€â”€â”€â”€â”€â”€â”€â”€â”€â”€â”€â”€â”€â”€â”€â”€â”€â”€â”€â”€â”€â”€â”€â”€â”€â”€â”€â”€â”€â”€â”€â”€â”€â”€â”€â”€â”€â”€â”€â”€â”€â”€â”€â”€â”€â”€

    Error: [2mexpect([22m[31mlocator[39m[2m).[22mtoBeVisible[2m([22m[2m)[22m failed

    Locator: getByText(/newer.*version/i)
    Expected: visible
    Timeout: 5000ms
    Error: element(s) not found

    Call log:
    [2m  - Expect "toBeVisible" with timeout 5000ms[22m
    [2m  - waiting for getByText(/newer.*version/i)[22m


      388 |
      389 |             // Verify version warning appears
    > 390 |             await expect(page.getByText(/newer.*version/i)).toBeVisible();
          |                                                             ^
      391 |
      392 |             // Verify options presented
      393 |             // await expect(page.getByRole('button', { name: /open anyway/i })).toBeVisible();
        at /app/e2e/01-project-management/uj-pm-002-open-project.spec.ts:390:61
        at /app/e2e/01-project-management/uj-pm-002-open-project.spec.ts:376:9

    attachment #1: screenshot (image/png) â”€â”€â”€â”€â”€â”€â”€â”€â”€â”€â”€â”€â”€â”€â”€â”€â”€â”€â”€â”€â”€â”€â”€â”€â”€â”€â”€â”€â”€â”€â”€â”€â”€â”€â”€â”€â”€â”€â”€â”€â”€â”€â”€â”€â”€â”€â”€â”€â”€â”€â”€â”€â”€â”€â”€â”€â”€â”€
    test-results/01-project-management-uj-p-970fd-tch---Newer-Project-Version-firefox-retry1/test-failed-1.png
    â”€â”€â”€â”€â”€â”€â”€â”€â”€â”€â”€â”€â”€â”€â”€â”€â”€â”€â”€â”€â”€â”€â”€â”€â”€â”€â”€â”€â”€â”€â”€â”€â”€â”€â”€â”€â”€â”€â”€â”€â”€â”€â”€â”€â”€â”€â”€â”€â”€â”€â”€â”€â”€â”€â”€â”€â”€â”€â”€â”€â”€â”€â”€â”€â”€â”€â”€â”€â”€â”€â”€â”€â”€â”€â”€â”€â”€â”€â”€â”€â”€â”€â”€â”€â”€â”€â”€â”€â”€â”€â”€â”€â”€â”€â”€â”€

    attachment #2: video (video/webm) â”€â”€â”€â”€â”€â”€â”€â”€â”€â”€â”€â”€â”€â”€â”€â”€â”€â”€â”€â”€â”€â”€â”€â”€â”€â”€â”€â”€â”€â”€â”€â”€â”€â”€â”€â”€â”€â”€â”€â”€â”€â”€â”€â”€â”€â”€â”€â”€â”€â”€â”€â”€â”€â”€â”€â”€â”€â”€â”€â”€â”€â”€
    test-results/01-project-management-uj-p-970fd-tch---Newer-Project-Version-firefox-retry1/video.webm
    â”€â”€â”€â”€â”€â”€â”€â”€â”€â”€â”€â”€â”€â”€â”€â”€â”€â”€â”€â”€â”€â”€â”€â”€â”€â”€â”€â”€â”€â”€â”€â”€â”€â”€â”€â”€â”€â”€â”€â”€â”€â”€â”€â”€â”€â”€â”€â”€â”€â”€â”€â”€â”€â”€â”€â”€â”€â”€â”€â”€â”€â”€â”€â”€â”€â”€â”€â”€â”€â”€â”€â”€â”€â”€â”€â”€â”€â”€â”€â”€â”€â”€â”€â”€â”€â”€â”€â”€â”€â”€â”€â”€â”€â”€â”€â”€

    Error Context: test-results/01-project-management-uj-p-970fd-tch---Newer-Project-Version-firefox-retry1/error-context.md

    attachment #4: trace (application/zip) â”€â”€â”€â”€â”€â”€â”€â”€â”€â”€â”€â”€â”€â”€â”€â”€â”€â”€â”€â”€â”€â”€â”€â”€â”€â”€â”€â”€â”€â”€â”€â”€â”€â”€â”€â”€â”€â”€â”€â”€â”€â”€â”€â”€â”€â”€â”€â”€â”€â”€â”€â”€â”€â”€â”€â”€â”€
    test-results/01-project-management-uj-p-970fd-tch---Newer-Project-Version-firefox-retry1/trace.zip
    Usage:

        npx playwright show-trace test-results/01-project-management-uj-p-970fd-tch---Newer-Project-Version-firefox-retry1/trace.zip

    â”€â”€â”€â”€â”€â”€â”€â”€â”€â”€â”€â”€â”€â”€â”€â”€â”€â”€â”€â”€â”€â”€â”€â”€â”€â”€â”€â”€â”€â”€â”€â”€â”€â”€â”€â”€â”€â”€â”€â”€â”€â”€â”€â”€â”€â”€â”€â”€â”€â”€â”€â”€â”€â”€â”€â”€â”€â”€â”€â”€â”€â”€â”€â”€â”€â”€â”€â”€â”€â”€â”€â”€â”€â”€â”€â”€â”€â”€â”€â”€â”€â”€â”€â”€â”€â”€â”€â”€â”€â”€â”€â”€â”€â”€â”€â”€

    Retry #2 â”€â”€â”€â”€â”€â”€â”€â”€â”€â”€â”€â”€â”€â”€â”€â”€â”€â”€â”€â”€â”€â”€â”€â”€â”€â”€â”€â”€â”€â”€â”€â”€â”€â”€â”€â”€â”€â”€â”€â”€â”€â”€â”€â”€â”€â”€â”€â”€â”€â”€â”€â”€â”€â”€â”€â”€â”€â”€â”€â”€â”€â”€â”€â”€â”€â”€â”€â”€â”€â”€â”€â”€â”€â”€â”€â”€â”€â”€â”€â”€â”€â”€â”€â”€â”€â”€â”€

    Error: [2mexpect([22m[31mlocator[39m[2m).[22mtoBeVisible[2m([22m[2m)[22m failed

    Locator: getByText(/newer.*version/i)
    Expected: visible
    Timeout: 5000ms
    Error: element(s) not found

    Call log:
    [2m  - Expect "toBeVisible" with timeout 5000ms[22m
    [2m  - waiting for getByText(/newer.*version/i)[22m


      388 |
      389 |             // Verify version warning appears
    > 390 |             await expect(page.getByText(/newer.*version/i)).toBeVisible();
          |                                                             ^
      391 |
      392 |             // Verify options presented
      393 |             // await expect(page.getByRole('button', { name: /open anyway/i })).toBeVisible();
        at /app/e2e/01-project-management/uj-pm-002-open-project.spec.ts:390:61
        at /app/e2e/01-project-management/uj-pm-002-open-project.spec.ts:376:9

    attachment #1: screenshot (image/png) â”€â”€â”€â”€â”€â”€â”€â”€â”€â”€â”€â”€â”€â”€â”€â”€â”€â”€â”€â”€â”€â”€â”€â”€â”€â”€â”€â”€â”€â”€â”€â”€â”€â”€â”€â”€â”€â”€â”€â”€â”€â”€â”€â”€â”€â”€â”€â”€â”€â”€â”€â”€â”€â”€â”€â”€â”€â”€
    test-results/01-project-management-uj-p-970fd-tch---Newer-Project-Version-firefox-retry2/test-failed-1.png
    â”€â”€â”€â”€â”€â”€â”€â”€â”€â”€â”€â”€â”€â”€â”€â”€â”€â”€â”€â”€â”€â”€â”€â”€â”€â”€â”€â”€â”€â”€â”€â”€â”€â”€â”€â”€â”€â”€â”€â”€â”€â”€â”€â”€â”€â”€â”€â”€â”€â”€â”€â”€â”€â”€â”€â”€â”€â”€â”€â”€â”€â”€â”€â”€â”€â”€â”€â”€â”€â”€â”€â”€â”€â”€â”€â”€â”€â”€â”€â”€â”€â”€â”€â”€â”€â”€â”€â”€â”€â”€â”€â”€â”€â”€â”€â”€

    Error Context: test-results/01-project-management-uj-p-970fd-tch---Newer-Project-Version-firefox-retry2/error-context.md

  4) [firefox] â€º e2e/01-project-management/uj-pm-002-open-project.spec.ts:398:9 â€º UJ-PM-002: Open Existing Project â€º Error Scenario: IndexedDB Read Failure â€º Error Scenario: IndexedDB Failure 

    Error: [2mexpect([22m[31mlocator[39m[2m).[22mtoBeVisible[2m([22m[2m)[22m failed

    Locator: getByText(/unable to load project/i)
    Expected: visible
    Timeout: 5000ms
    Error: element(s) not found

    Call log:
    [2m  - Expect "toBeVisible" with timeout 5000ms[22m
    [2m  - waiting for getByText(/unable to load project/i)[22m


      419 |
      420 |             // Verify error message displayed
    > 421 |             await expect(page.getByText(/unable to load project/i)).toBeVisible();
          |                                                                     ^
      422 |             // Or check for specific error code
      423 |             // await expect(page.getByText(/ERR_INDEXEDDB_READ_FAILED/i)).toBeVisible();
      424 |
        at /app/e2e/01-project-management/uj-pm-002-open-project.spec.ts:421:69
        at /app/e2e/01-project-management/uj-pm-002-open-project.spec.ts:401:9

    attachment #1: screenshot (image/png) â”€â”€â”€â”€â”€â”€â”€â”€â”€â”€â”€â”€â”€â”€â”€â”€â”€â”€â”€â”€â”€â”€â”€â”€â”€â”€â”€â”€â”€â”€â”€â”€â”€â”€â”€â”€â”€â”€â”€â”€â”€â”€â”€â”€â”€â”€â”€â”€â”€â”€â”€â”€â”€â”€â”€â”€â”€â”€
    test-results/01-project-management-uj-p-a5686-ario-IndexedDB-Read-Failure-firefox/test-failed-1.png
    â”€â”€â”€â”€â”€â”€â”€â”€â”€â”€â”€â”€â”€â”€â”€â”€â”€â”€â”€â”€â”€â”€â”€â”€â”€â”€â”€â”€â”€â”€â”€â”€â”€â”€â”€â”€â”€â”€â”€â”€â”€â”€â”€â”€â”€â”€â”€â”€â”€â”€â”€â”€â”€â”€â”€â”€â”€â”€â”€â”€â”€â”€â”€â”€â”€â”€â”€â”€â”€â”€â”€â”€â”€â”€â”€â”€â”€â”€â”€â”€â”€â”€â”€â”€â”€â”€â”€â”€â”€â”€â”€â”€â”€â”€â”€â”€

    Error Context: test-results/01-project-management-uj-p-a5686-ario-IndexedDB-Read-Failure-firefox/error-context.md

    Retry #1 â”€â”€â”€â”€â”€â”€â”€â”€â”€â”€â”€â”€â”€â”€â”€â”€â”€â”€â”€â”€â”€â”€â”€â”€â”€â”€â”€â”€â”€â”€â”€â”€â”€â”€â”€â”€â”€â”€â”€â”€â”€â”€â”€â”€â”€â”€â”€â”€â”€â”€â”€â”€â”€â”€â”€â”€â”€â”€â”€â”€â”€â”€â”€â”€â”€â”€â”€â”€â”€â”€â”€â”€â”€â”€â”€â”€â”€â”€â”€â”€â”€â”€â”€â”€â”€â”€â”€

    Error: [2mexpect([22m[31mlocator[39m[2m).[22mtoBeVisible[2m([22m[2m)[22m failed

    Locator: getByText(/unable to load project/i)
    Expected: visible
    Timeout: 5000ms
    Error: element(s) not found

    Call log:
    [2m  - Expect "toBeVisible" with timeout 5000ms[22m
    [2m  - waiting for getByText(/unable to load project/i)[22m


      419 |
      420 |             // Verify error message displayed
    > 421 |             await expect(page.getByText(/unable to load project/i)).toBeVisible();
          |                                                                     ^
      422 |             // Or check for specific error code
      423 |             // await expect(page.getByText(/ERR_INDEXEDDB_READ_FAILED/i)).toBeVisible();
      424 |
        at /app/e2e/01-project-management/uj-pm-002-open-project.spec.ts:421:69
        at /app/e2e/01-project-management/uj-pm-002-open-project.spec.ts:401:9

    attachment #1: screenshot (image/png) â”€â”€â”€â”€â”€â”€â”€â”€â”€â”€â”€â”€â”€â”€â”€â”€â”€â”€â”€â”€â”€â”€â”€â”€â”€â”€â”€â”€â”€â”€â”€â”€â”€â”€â”€â”€â”€â”€â”€â”€â”€â”€â”€â”€â”€â”€â”€â”€â”€â”€â”€â”€â”€â”€â”€â”€â”€â”€
    test-results/01-project-management-uj-p-a5686-ario-IndexedDB-Read-Failure-firefox-retry1/test-failed-1.png
    â”€â”€â”€â”€â”€â”€â”€â”€â”€â”€â”€â”€â”€â”€â”€â”€â”€â”€â”€â”€â”€â”€â”€â”€â”€â”€â”€â”€â”€â”€â”€â”€â”€â”€â”€â”€â”€â”€â”€â”€â”€â”€â”€â”€â”€â”€â”€â”€â”€â”€â”€â”€â”€â”€â”€â”€â”€â”€â”€â”€â”€â”€â”€â”€â”€â”€â”€â”€â”€â”€â”€â”€â”€â”€â”€â”€â”€â”€â”€â”€â”€â”€â”€â”€â”€â”€â”€â”€â”€â”€â”€â”€â”€â”€â”€â”€

    attachment #2: video (video/webm) â”€â”€â”€â”€â”€â”€â”€â”€â”€â”€â”€â”€â”€â”€â”€â”€â”€â”€â”€â”€â”€â”€â”€â”€â”€â”€â”€â”€â”€â”€â”€â”€â”€â”€â”€â”€â”€â”€â”€â”€â”€â”€â”€â”€â”€â”€â”€â”€â”€â”€â”€â”€â”€â”€â”€â”€â”€â”€â”€â”€â”€â”€
    test-results/01-project-management-uj-p-a5686-ario-IndexedDB-Read-Failure-firefox-retry1/video.webm
    â”€â”€â”€â”€â”€â”€â”€â”€â”€â”€â”€â”€â”€â”€â”€â”€â”€â”€â”€â”€â”€â”€â”€â”€â”€â”€â”€â”€â”€â”€â”€â”€â”€â”€â”€â”€â”€â”€â”€â”€â”€â”€â”€â”€â”€â”€â”€â”€â”€â”€â”€â”€â”€â”€â”€â”€â”€â”€â”€â”€â”€â”€â”€â”€â”€â”€â”€â”€â”€â”€â”€â”€â”€â”€â”€â”€â”€â”€â”€â”€â”€â”€â”€â”€â”€â”€â”€â”€â”€â”€â”€â”€â”€â”€â”€â”€

    Error Context: test-results/01-project-management-uj-p-a5686-ario-IndexedDB-Read-Failure-firefox-retry1/error-context.md

    attachment #4: trace (application/zip) â”€â”€â”€â”€â”€â”€â”€â”€â”€â”€â”€â”€â”€â”€â”€â”€â”€â”€â”€â”€â”€â”€â”€â”€â”€â”€â”€â”€â”€â”€â”€â”€â”€â”€â”€â”€â”€â”€â”€â”€â”€â”€â”€â”€â”€â”€â”€â”€â”€â”€â”€â”€â”€â”€â”€â”€â”€
    test-results/01-project-management-uj-p-a5686-ario-IndexedDB-Read-Failure-firefox-retry1/trace.zip
    Usage:

        npx playwright show-trace test-results/01-project-management-uj-p-a5686-ario-IndexedDB-Read-Failure-firefox-retry1/trace.zip

    â”€â”€â”€â”€â”€â”€â”€â”€â”€â”€â”€â”€â”€â”€â”€â”€â”€â”€â”€â”€â”€â”€â”€â”€â”€â”€â”€â”€â”€â”€â”€â”€â”€â”€â”€â”€â”€â”€â”€â”€â”€â”€â”€â”€â”€â”€â”€â”€â”€â”€â”€â”€â”€â”€â”€â”€â”€â”€â”€â”€â”€â”€â”€â”€â”€â”€â”€â”€â”€â”€â”€â”€â”€â”€â”€â”€â”€â”€â”€â”€â”€â”€â”€â”€â”€â”€â”€â”€â”€â”€â”€â”€â”€â”€â”€â”€

    Retry #2 â”€â”€â”€â”€â”€â”€â”€â”€â”€â”€â”€â”€â”€â”€â”€â”€â”€â”€â”€â”€â”€â”€â”€â”€â”€â”€â”€â”€â”€â”€â”€â”€â”€â”€â”€â”€â”€â”€â”€â”€â”€â”€â”€â”€â”€â”€â”€â”€â”€â”€â”€â”€â”€â”€â”€â”€â”€â”€â”€â”€â”€â”€â”€â”€â”€â”€â”€â”€â”€â”€â”€â”€â”€â”€â”€â”€â”€â”€â”€â”€â”€â”€â”€â”€â”€â”€â”€

    Error: [2mexpect([22m[31mlocator[39m[2m).[22mtoBeVisible[2m([22m[2m)[22m failed

    Locator: getByText(/unable to load project/i)
    Expected: visible
    Timeout: 5000ms
    Error: element(s) not found

    Call log:
    [2m  - Expect "toBeVisible" with timeout 5000ms[22m
    [2m  - waiting for getByText(/unable to load project/i)[22m


      419 |
      420 |             // Verify error message displayed
    > 421 |             await expect(page.getByText(/unable to load project/i)).toBeVisible();
          |                                                                     ^
      422 |             // Or check for specific error code
      423 |             // await expect(page.getByText(/ERR_INDEXEDDB_READ_FAILED/i)).toBeVisible();
      424 |
        at /app/e2e/01-project-management/uj-pm-002-open-project.spec.ts:421:69
        at /app/e2e/01-project-management/uj-pm-002-open-project.spec.ts:401:9

    attachment #1: screenshot (image/png) â”€â”€â”€â”€â”€â”€â”€â”€â”€â”€â”€â”€â”€â”€â”€â”€â”€â”€â”€â”€â”€â”€â”€â”€â”€â”€â”€â”€â”€â”€â”€â”€â”€â”€â”€â”€â”€â”€â”€â”€â”€â”€â”€â”€â”€â”€â”€â”€â”€â”€â”€â”€â”€â”€â”€â”€â”€â”€
    test-results/01-project-management-uj-p-a5686-ario-IndexedDB-Read-Failure-firefox-retry2/test-failed-1.png
    â”€â”€â”€â”€â”€â”€â”€â”€â”€â”€â”€â”€â”€â”€â”€â”€â”€â”€â”€â”€â”€â”€â”€â”€â”€â”€â”€â”€â”€â”€â”€â”€â”€â”€â”€â”€â”€â”€â”€â”€â”€â”€â”€â”€â”€â”€â”€â”€â”€â”€â”€â”€â”€â”€â”€â”€â”€â”€â”€â”€â”€â”€â”€â”€â”€â”€â”€â”€â”€â”€â”€â”€â”€â”€â”€â”€â”€â”€â”€â”€â”€â”€â”€â”€â”€â”€â”€â”€â”€â”€â”€â”€â”€â”€â”€â”€

    Error Context: test-results/01-project-management-uj-p-a5686-ario-IndexedDB-Read-Failure-firefox-retry2/error-context.md

  5) [webkit] â€º e2e/01-project-management/uj-pm-002-open-project.spec.ts:367:9 â€º UJ-PM-002: Open Existing Project â€º Edge Case: Version Mismatch - Newer Project Version â€º Edge Case: Version Mismatch Handling 

    Error: [2mexpect([22m[31mlocator[39m[2m).[22mtoBeVisible[2m([22m[2m)[22m failed

    Locator: getByText(/newer.*version/i)
    Expected: visible
    Timeout: 5000ms
    Error: element(s) not found

    Call log:
    [2m  - Expect "toBeVisible" with timeout 5000ms[22m
    [2m  - waiting for getByText(/newer.*version/i)[22m


      388 |
      389 |             // Verify version warning appears
    > 390 |             await expect(page.getByText(/newer.*version/i)).toBeVisible();
          |                                                             ^
      391 |
      392 |             // Verify options presented
      393 |             // await expect(page.getByRole('button', { name: /open anyway/i })).toBeVisible();
        at /app/e2e/01-project-management/uj-pm-002-open-project.spec.ts:390:61
        at /app/e2e/01-project-management/uj-pm-002-open-project.spec.ts:376:9

    attachment #1: screenshot (image/png) â”€â”€â”€â”€â”€â”€â”€â”€â”€â”€â”€â”€â”€â”€â”€â”€â”€â”€â”€â”€â”€â”€â”€â”€â”€â”€â”€â”€â”€â”€â”€â”€â”€â”€â”€â”€â”€â”€â”€â”€â”€â”€â”€â”€â”€â”€â”€â”€â”€â”€â”€â”€â”€â”€â”€â”€â”€â”€
    test-results/01-project-management-uj-p-970fd-tch---Newer-Project-Version-webkit/test-failed-1.png
    â”€â”€â”€â”€â”€â”€â”€â”€â”€â”€â”€â”€â”€â”€â”€â”€â”€â”€â”€â”€â”€â”€â”€â”€â”€â”€â”€â”€â”€â”€â”€â”€â”€â”€â”€â”€â”€â”€â”€â”€â”€â”€â”€â”€â”€â”€â”€â”€â”€â”€â”€â”€â”€â”€â”€â”€â”€â”€â”€â”€â”€â”€â”€â”€â”€â”€â”€â”€â”€â”€â”€â”€â”€â”€â”€â”€â”€â”€â”€â”€â”€â”€â”€â”€â”€â”€â”€â”€â”€â”€â”€â”€â”€â”€â”€â”€

    Error Context: test-results/01-project-management-uj-p-970fd-tch---Newer-Project-Version-webkit/error-context.md

    Retry #1 â”€â”€â”€â”€â”€â”€â”€â”€â”€â”€â”€â”€â”€â”€â”€â”€â”€â”€â”€â”€â”€â”€â”€â”€â”€â”€â”€â”€â”€â”€â”€â”€â”€â”€â”€â”€â”€â”€â”€â”€â”€â”€â”€â”€â”€â”€â”€â”€â”€â”€â”€â”€â”€â”€â”€â”€â”€â”€â”€â”€â”€â”€â”€â”€â”€â”€â”€â”€â”€â”€â”€â”€â”€â”€â”€â”€â”€â”€â”€â”€â”€â”€â”€â”€â”€â”€â”€

    Error: [2mexpect([22m[31mlocator[39m[2m).[22mtoBeVisible[2m([22m[2m)[22m failed

    Locator: getByText(/newer.*version/i)
    Expected: visible
    Timeout: 5000ms
    Error: element(s) not found

    Call log:
    [2m  - Expect "toBeVisible" with timeout 5000ms[22m
    [2m  - waiting for getByText(/newer.*version/i)[22m


      388 |
      389 |             // Verify version warning appears
    > 390 |             await expect(page.getByText(/newer.*version/i)).toBeVisible();
          |                                                             ^
      391 |
      392 |             // Verify options presented
      393 |             // await expect(page.getByRole('button', { name: /open anyway/i })).toBeVisible();
        at /app/e2e/01-project-management/uj-pm-002-open-project.spec.ts:390:61
        at /app/e2e/01-project-management/uj-pm-002-open-project.spec.ts:376:9

    attachment #1: screenshot (image/png) â”€â”€â”€â”€â”€â”€â”€â”€â”€â”€â”€â”€â”€â”€â”€â”€â”€â”€â”€â”€â”€â”€â”€â”€â”€â”€â”€â”€â”€â”€â”€â”€â”€â”€â”€â”€â”€â”€â”€â”€â”€â”€â”€â”€â”€â”€â”€â”€â”€â”€â”€â”€â”€â”€â”€â”€â”€â”€
    test-results/01-project-management-uj-p-970fd-tch---Newer-Project-Version-webkit-retry1/test-failed-1.png
    â”€â”€â”€â”€â”€â”€â”€â”€â”€â”€â”€â”€â”€â”€â”€â”€â”€â”€â”€â”€â”€â”€â”€â”€â”€â”€â”€â”€â”€â”€â”€â”€â”€â”€â”€â”€â”€â”€â”€â”€â”€â”€â”€â”€â”€â”€â”€â”€â”€â”€â”€â”€â”€â”€â”€â”€â”€â”€â”€â”€â”€â”€â”€â”€â”€â”€â”€â”€â”€â”€â”€â”€â”€â”€â”€â”€â”€â”€â”€â”€â”€â”€â”€â”€â”€â”€â”€â”€â”€â”€â”€â”€â”€â”€â”€â”€

    attachment #2: video (video/webm) â”€â”€â”€â”€â”€â”€â”€â”€â”€â”€â”€â”€â”€â”€â”€â”€â”€â”€â”€â”€â”€â”€â”€â”€â”€â”€â”€â”€â”€â”€â”€â”€â”€â”€â”€â”€â”€â”€â”€â”€â”€â”€â”€â”€â”€â”€â”€â”€â”€â”€â”€â”€â”€â”€â”€â”€â”€â”€â”€â”€â”€â”€
    test-results/01-project-management-uj-p-970fd-tch---Newer-Project-Version-webkit-retry1/video.webm
    â”€â”€â”€â”€â”€â”€â”€â”€â”€â”€â”€â”€â”€â”€â”€â”€â”€â”€â”€â”€â”€â”€â”€â”€â”€â”€â”€â”€â”€â”€â”€â”€â”€â”€â”€â”€â”€â”€â”€â”€â”€â”€â”€â”€â”€â”€â”€â”€â”€â”€â”€â”€â”€â”€â”€â”€â”€â”€â”€â”€â”€â”€â”€â”€â”€â”€â”€â”€â”€â”€â”€â”€â”€â”€â”€â”€â”€â”€â”€â”€â”€â”€â”€â”€â”€â”€â”€â”€â”€â”€â”€â”€â”€â”€â”€â”€

    Error Context: test-results/01-project-management-uj-p-970fd-tch---Newer-Project-Version-webkit-retry1/error-context.md

    attachment #4: trace (application/zip) â”€â”€â”€â”€â”€â”€â”€â”€â”€â”€â”€â”€â”€â”€â”€â”€â”€â”€â”€â”€â”€â”€â”€â”€â”€â”€â”€â”€â”€â”€â”€â”€â”€â”€â”€â”€â”€â”€â”€â”€â”€â”€â”€â”€â”€â”€â”€â”€â”€â”€â”€â”€â”€â”€â”€â”€â”€
    test-results/01-project-management-uj-p-970fd-tch---Newer-Project-Version-webkit-retry1/trace.zip
    Usage:

        npx playwright show-trace test-results/01-project-management-uj-p-970fd-tch---Newer-Project-Version-webkit-retry1/trace.zip

    â”€â”€â”€â”€â”€â”€â”€â”€â”€â”€â”€â”€â”€â”€â”€â”€â”€â”€â”€â”€â”€â”€â”€â”€â”€â”€â”€â”€â”€â”€â”€â”€â”€â”€â”€â”€â”€â”€â”€â”€â”€â”€â”€â”€â”€â”€â”€â”€â”€â”€â”€â”€â”€â”€â”€â”€â”€â”€â”€â”€â”€â”€â”€â”€â”€â”€â”€â”€â”€â”€â”€â”€â”€â”€â”€â”€â”€â”€â”€â”€â”€â”€â”€â”€â”€â”€â”€â”€â”€â”€â”€â”€â”€â”€â”€â”€

    Retry #2 â”€â”€â”€â”€â”€â”€â”€â”€â”€â”€â”€â”€â”€â”€â”€â”€â”€â”€â”€â”€â”€â”€â”€â”€â”€â”€â”€â”€â”€â”€â”€â”€â”€â”€â”€â”€â”€â”€â”€â”€â”€â”€â”€â”€â”€â”€â”€â”€â”€â”€â”€â”€â”€â”€â”€â”€â”€â”€â”€â”€â”€â”€â”€â”€â”€â”€â”€â”€â”€â”€â”€â”€â”€â”€â”€â”€â”€â”€â”€â”€â”€â”€â”€â”€â”€â”€â”€

    Error: [2mexpect([22m[31mlocator[39m[2m).[22mtoBeVisible[2m([22m[2m)[22m failed

    Locator: getByText(/newer.*version/i)
    Expected: visible
    Timeout: 5000ms
    Error: element(s) not found

    Call log:
    [2m  - Expect "toBeVisible" with timeout 5000ms[22m
    [2m  - waiting for getByText(/newer.*version/i)[22m


      388 |
      389 |             // Verify version warning appears
    > 390 |             await expect(page.getByText(/newer.*version/i)).toBeVisible();
          |                                                             ^
      391 |
      392 |             // Verify options presented
      393 |             // await expect(page.getByRole('button', { name: /open anyway/i })).toBeVisible();
        at /app/e2e/01-project-management/uj-pm-002-open-project.spec.ts:390:61
        at /app/e2e/01-project-management/uj-pm-002-open-project.spec.ts:376:9

    attachment #1: screenshot (image/png) â”€â”€â”€â”€â”€â”€â”€â”€â”€â”€â”€â”€â”€â”€â”€â”€â”€â”€â”€â”€â”€â”€â”€â”€â”€â”€â”€â”€â”€â”€â”€â”€â”€â”€â”€â”€â”€â”€â”€â”€â”€â”€â”€â”€â”€â”€â”€â”€â”€â”€â”€â”€â”€â”€â”€â”€â”€â”€
    test-results/01-project-management-uj-p-970fd-tch---Newer-Project-Version-webkit-retry2/test-failed-1.png
    â”€â”€â”€â”€â”€â”€â”€â”€â”€â”€â”€â”€â”€â”€â”€â”€â”€â”€â”€â”€â”€â”€â”€â”€â”€â”€â”€â”€â”€â”€â”€â”€â”€â”€â”€â”€â”€â”€â”€â”€â”€â”€â”€â”€â”€â”€â”€â”€â”€â”€â”€â”€â”€â”€â”€â”€â”€â”€â”€â”€â”€â”€â”€â”€â”€â”€â”€â”€â”€â”€â”€â”€â”€â”€â”€â”€â”€â”€â”€â”€â”€â”€â”€â”€â”€â”€â”€â”€â”€â”€â”€â”€â”€â”€â”€â”€

    Error Context: test-results/01-project-management-uj-p-970fd-tch---Newer-Project-Version-webkit-retry2/error-context.md

  6) [webkit] â€º e2e/01-project-management/uj-pm-002-open-project.spec.ts:398:9 â€º UJ-PM-002: Open Existing Project â€º Error Scenario: IndexedDB Read Failure â€º Error Scenario: IndexedDB Failure 

    Error: [2mexpect([22m[31mlocator[39m[2m).[22mtoBeVisible[2m([22m[2m)[22m failed

    Locator: getByText(/unable to load project/i)
    Expected: visible
    Timeout: 5000ms
    Error: element(s) not found

    Call log:
    [2m  - Expect "toBeVisible" with timeout 5000ms[22m
    [2m  - waiting for getByText(/unable to load project/i)[22m


      419 |
      420 |             // Verify error message displayed
    > 421 |             await expect(page.getByText(/unable to load project/i)).toBeVisible();
          |                                                                     ^
      422 |             // Or check for specific error code
      423 |             // await expect(page.getByText(/ERR_INDEXEDDB_READ_FAILED/i)).toBeVisible();
      424 |
        at /app/e2e/01-project-management/uj-pm-002-open-project.spec.ts:421:69
        at /app/e2e/01-project-management/uj-pm-002-open-project.spec.ts:401:9

    attachment #1: screenshot (image/png) â”€â”€â”€â”€â”€â”€â”€â”€â”€â”€â”€â”€â”€â”€â”€â”€â”€â”€â”€â”€â”€â”€â”€â”€â”€â”€â”€â”€â”€â”€â”€â”€â”€â”€â”€â”€â”€â”€â”€â”€â”€â”€â”€â”€â”€â”€â”€â”€â”€â”€â”€â”€â”€â”€â”€â”€â”€â”€
    test-results/01-project-management-uj-p-a5686-ario-IndexedDB-Read-Failure-webkit/test-failed-1.png
    â”€â”€â”€â”€â”€â”€â”€â”€â”€â”€â”€â”€â”€â”€â”€â”€â”€â”€â”€â”€â”€â”€â”€â”€â”€â”€â”€â”€â”€â”€â”€â”€â”€â”€â”€â”€â”€â”€â”€â”€â”€â”€â”€â”€â”€â”€â”€â”€â”€â”€â”€â”€â”€â”€â”€â”€â”€â”€â”€â”€â”€â”€â”€â”€â”€â”€â”€â”€â”€â”€â”€â”€â”€â”€â”€â”€â”€â”€â”€â”€â”€â”€â”€â”€â”€â”€â”€â”€â”€â”€â”€â”€â”€â”€â”€â”€

    Error Context: test-results/01-project-management-uj-p-a5686-ario-IndexedDB-Read-Failure-webkit/error-context.md

    Retry #1 â”€â”€â”€â”€â”€â”€â”€â”€â”€â”€â”€â”€â”€â”€â”€â”€â”€â”€â”€â”€â”€â”€â”€â”€â”€â”€â”€â”€â”€â”€â”€â”€â”€â”€â”€â”€â”€â”€â”€â”€â”€â”€â”€â”€â”€â”€â”€â”€â”€â”€â”€â”€â”€â”€â”€â”€â”€â”€â”€â”€â”€â”€â”€â”€â”€â”€â”€â”€â”€â”€â”€â”€â”€â”€â”€â”€â”€â”€â”€â”€â”€â”€â”€â”€â”€â”€â”€

    Error: [2mexpect([22m[31mlocator[39m[2m).[22mtoBeVisible[2m([22m[2m)[22m failed

    Locator: getByText(/unable to load project/i)
    Expected: visible
    Timeout: 5000ms
    Error: element(s) not found

    Call log:
    [2m  - Expect "toBeVisible" with timeout 5000ms[22m
    [2m  - waiting for getByText(/unable to load project/i)[22m


      419 |
      420 |             // Verify error message displayed
    > 421 |             await expect(page.getByText(/unable to load project/i)).toBeVisible();
          |                                                                     ^
      422 |             // Or check for specific error code
      423 |             // await expect(page.getByText(/ERR_INDEXEDDB_READ_FAILED/i)).toBeVisible();
      424 |
        at /app/e2e/01-project-management/uj-pm-002-open-project.spec.ts:421:69
        at /app/e2e/01-project-management/uj-pm-002-open-project.spec.ts:401:9

    attachment #1: screenshot (image/png) â”€â”€â”€â”€â”€â”€â”€â”€â”€â”€â”€â”€â”€â”€â”€â”€â”€â”€â”€â”€â”€â”€â”€â”€â”€â”€â”€â”€â”€â”€â”€â”€â”€â”€â”€â”€â”€â”€â”€â”€â”€â”€â”€â”€â”€â”€â”€â”€â”€â”€â”€â”€â”€â”€â”€â”€â”€â”€
    test-results/01-project-management-uj-p-a5686-ario-IndexedDB-Read-Failure-webkit-retry1/test-failed-1.png
    â”€â”€â”€â”€â”€â”€â”€â”€â”€â”€â”€â”€â”€â”€â”€â”€â”€â”€â”€â”€â”€â”€â”€â”€â”€â”€â”€â”€â”€â”€â”€â”€â”€â”€â”€â”€â”€â”€â”€â”€â”€â”€â”€â”€â”€â”€â”€â”€â”€â”€â”€â”€â”€â”€â”€â”€â”€â”€â”€â”€â”€â”€â”€â”€â”€â”€â”€â”€â”€â”€â”€â”€â”€â”€â”€â”€â”€â”€â”€â”€â”€â”€â”€â”€â”€â”€â”€â”€â”€â”€â”€â”€â”€â”€â”€â”€

    attachment #2: video (video/webm) â”€â”€â”€â”€â”€â”€â”€â”€â”€â”€â”€â”€â”€â”€â”€â”€â”€â”€â”€â”€â”€â”€â”€â”€â”€â”€â”€â”€â”€â”€â”€â”€â”€â”€â”€â”€â”€â”€â”€â”€â”€â”€â”€â”€â”€â”€â”€â”€â”€â”€â”€â”€â”€â”€â”€â”€â”€â”€â”€â”€â”€â”€
    test-results/01-project-management-uj-p-a5686-ario-IndexedDB-Read-Failure-webkit-retry1/video.webm
    â”€â”€â”€â”€â”€â”€â”€â”€â”€â”€â”€â”€â”€â”€â”€â”€â”€â”€â”€â”€â”€â”€â”€â”€â”€â”€â”€â”€â”€â”€â”€â”€â”€â”€â”€â”€â”€â”€â”€â”€â”€â”€â”€â”€â”€â”€â”€â”€â”€â”€â”€â”€â”€â”€â”€â”€â”€â”€â”€â”€â”€â”€â”€â”€â”€â”€â”€â”€â”€â”€â”€â”€â”€â”€â”€â”€â”€â”€â”€â”€â”€â”€â”€â”€â”€â”€â”€â”€â”€â”€â”€â”€â”€â”€â”€â”€

    Error Context: test-results/01-project-management-uj-p-a5686-ario-IndexedDB-Read-Failure-webkit-retry1/error-context.md

    attachment #4: trace (application/zip) â”€â”€â”€â”€â”€â”€â”€â”€â”€â”€â”€â”€â”€â”€â”€â”€â”€â”€â”€â”€â”€â”€â”€â”€â”€â”€â”€â”€â”€â”€â”€â”€â”€â”€â”€â”€â”€â”€â”€â”€â”€â”€â”€â”€â”€â”€â”€â”€â”€â”€â”€â”€â”€â”€â”€â”€â”€
    test-results/01-project-management-uj-p-a5686-ario-IndexedDB-Read-Failure-webkit-retry1/trace.zip
    Usage:

        npx playwright show-trace test-results/01-project-management-uj-p-a5686-ario-IndexedDB-Read-Failure-webkit-retry1/trace.zip

    â”€â”€â”€â”€â”€â”€â”€â”€â”€â”€â”€â”€â”€â”€â”€â”€â”€â”€â”€â”€â”€â”€â”€â”€â”€â”€â”€â”€â”€â”€â”€â”€â”€â”€â”€â”€â”€â”€â”€â”€â”€â”€â”€â”€â”€â”€â”€â”€â”€â”€â”€â”€â”€â”€â”€â”€â”€â”€â”€â”€â”€â”€â”€â”€â”€â”€â”€â”€â”€â”€â”€â”€â”€â”€â”€â”€â”€â”€â”€â”€â”€â”€â”€â”€â”€â”€â”€â”€â”€â”€â”€â”€â”€â”€â”€â”€

    Retry #2 â”€â”€â”€â”€â”€â”€â”€â”€â”€â”€â”€â”€â”€â”€â”€â”€â”€â”€â”€â”€â”€â”€â”€â”€â”€â”€â”€â”€â”€â”€â”€â”€â”€â”€â”€â”€â”€â”€â”€â”€â”€â”€â”€â”€â”€â”€â”€â”€â”€â”€â”€â”€â”€â”€â”€â”€â”€â”€â”€â”€â”€â”€â”€â”€â”€â”€â”€â”€â”€â”€â”€â”€â”€â”€â”€â”€â”€â”€â”€â”€â”€â”€â”€â”€â”€â”€â”€

    Error: [2mexpect([22m[31mlocator[39m[2m).[22mtoBeVisible[2m([22m[2m)[22m failed

    Locator: getByText(/unable to load project/i)
    Expected: visible
    Timeout: 5000ms
    Error: element(s) not found

    Call log:
    [2m  - Expect "toBeVisible" with timeout 5000ms[22m
    [2m  - waiting for getByText(/unable to load project/i)[22m


      419 |
      420 |             // Verify error message displayed
    > 421 |             await expect(page.getByText(/unable to load project/i)).toBeVisible();
          |                                                                     ^
      422 |             // Or check for specific error code
      423 |             // await expect(page.getByText(/ERR_INDEXEDDB_READ_FAILED/i)).toBeVisible();
      424 |
        at /app/e2e/01-project-management/uj-pm-002-open-project.spec.ts:421:69
        at /app/e2e/01-project-management/uj-pm-002-open-project.spec.ts:401:9

    attachment #1: screenshot (image/png) â”€â”€â”€â”€â”€â”€â”€â”€â”€â”€â”€â”€â”€â”€â”€â”€â”€â”€â”€â”€â”€â”€â”€â”€â”€â”€â”€â”€â”€â”€â”€â”€â”€â”€â”€â”€â”€â”€â”€â”€â”€â”€â”€â”€â”€â”€â”€â”€â”€â”€â”€â”€â”€â”€â”€â”€â”€â”€
    test-results/01-project-management-uj-p-a5686-ario-IndexedDB-Read-Failure-webkit-retry2/test-failed-1.png
    â”€â”€â”€â”€â”€â”€â”€â”€â”€â”€â”€â”€â”€â”€â”€â”€â”€â”€â”€â”€â”€â”€â”€â”€â”€â”€â”€â”€â”€â”€â”€â”€â”€â”€â”€â”€â”€â”€â”€â”€â”€â”€â”€â”€â”€â”€â”€â”€â”€â”€â”€â”€â”€â”€â”€â”€â”€â”€â”€â”€â”€â”€â”€â”€â”€â”€â”€â”€â”€â”€â”€â”€â”€â”€â”€â”€â”€â”€â”€â”€â”€â”€â”€â”€â”€â”€â”€â”€â”€â”€â”€â”€â”€â”€â”€â”€

    Error Context: test-results/01-project-management-uj-p-a5686-ario-IndexedDB-Read-Failure-webkit-retry2/error-context.md

  6 failed
    [chromium] â€º e2e/01-project-management/uj-pm-002-open-project.spec.ts:367:9 â€º UJ-PM-002: Open Existing Project â€º Edge Case: Version Mismatch - Newer Project Version 
    [chromium] â€º e2e/01-project-management/uj-pm-002-open-project.spec.ts:398:9 â€º UJ-PM-002: Open Existing Project â€º Error Scenario: IndexedDB Read Failure 
    [firefox] â€º e2e/01-project-management/uj-pm-002-open-project.spec.ts:367:9 â€º UJ-PM-002: Open Existing Project â€º Edge Case: Version Mismatch - Newer Project Version 
    [firefox] â€º e2e/01-project-management/uj-pm-002-open-project.spec.ts:398:9 â€º UJ-PM-002: Open Existing Project â€º Error Scenario: IndexedDB Read Failure 
    [webkit] â€º e2e/01-project-management/uj-pm-002-open-project.spec.ts:367:9 â€º UJ-PM-002: Open Existing Project â€º Edge Case: Version Mismatch - Newer Project Version 
    [webkit] â€º e2e/01-project-management/uj-pm-002-open-project.spec.ts:398:9 â€º UJ-PM-002: Open Existing Project â€º Error Scenario: IndexedDB Read Failure 
  21 passed (2.7m)
