
> sizewise-hvac-canvas@0.1.0 type-check
> tsc --noEmit

src/__tests__/setup.ts(3,1): error TS6133: 'isTauri' is declared but its value is never read.
src/__tests__/setup.ts(3,25): error TS2307: Cannot find module '@/lib/platform' or its corresponding type declarations.
src/__tests__/user-journeys/export-workflow.test.ts(45,5): error TS2353: Object literal may only specify known properties, and 'height' does not exist in type '{ name: string; width: number; length: number; ceilingHeight: number; occupancyType: "office" | "retail" | "restaurant" | "kitchen_commercial" | "warehouse" | "classroom" | "conference" | "lobby"; airChangesPerHour: number; notes?: string | undefined; }'.
src/__tests__/user-journeys/export-workflow.test.ts(663,18): error TS2339: Property 'height' does not exist on type '{ name: string; width: number; length: number; ceilingHeight: number; occupancyType: "office" | "retail" | "restaurant" | "kitchen_commercial" | "warehouse" | "classroom" | "conference" | "lobby"; airChangesPerHour: number; notes?: string | undefined; }'.
src/__tests__/user-journeys/project-lifecycle.test.ts(36,5): error TS2353: Object literal may only specify known properties, and 'height' does not exist in type '{ name: string; width: number; length: number; ceilingHeight: number; occupancyType: "office" | "retail" | "restaurant" | "kitchen_commercial" | "warehouse" | "classroom" | "conference" | "lobby"; airChangesPerHour: number; notes?: string | undefined; }'.
src/components/common/DeviceWarning.tsx(3,8): error TS6133: 'React' is declared but its value is never read.
src/components/dialogs/KeyboardShortcutsDialog.tsx(3,1): error TS6133: 'React' is declared but its value is never read.
src/components/dialogs/SettingsDialog.tsx(3,1): error TS6133: 'React' is declared but its value is never read.
src/components/dialogs/UnsavedChangesDialog.tsx(3,8): error TS6133: 'React' is declared but its value is never read.
src/components/error/ErrorPage.tsx(3,1): error TS6133: 'React' is declared but its value is never read.
src/components/layout/FileMenu.tsx(456,62): error TS2339: Property 'syncProjectFromDisk' does not exist on type 'ProjectListStore'.
src/components/layout/ToolsMenu.tsx(68,51): error TS2345: Argument of type '"fitting"' is not assignable to parameter of type 'CanvasTool'.
src/components/ui/LoadingIndicator.tsx(3,1): error TS6133: 'React' is declared but its value is never read.
src/components/ui/ValidatedInput.tsx(1,1): error TS6133: 'React' is declared but its value is never read.
src/core/commands/__tests__/entityCommands.test.ts(19,5): error TS2353: Object literal may only specify known properties, and 'height' does not exist in type '{ name: string; width: number; length: number; ceilingHeight: number; occupancyType: "office" | "retail" | "restaurant" | "kitchen_commercial" | "warehouse" | "classroom" | "conference" | "lobby"; airChangesPerHour: number; notes?: string | undefined; }'.
src/core/persistence/adapters/__tests__/TauriStorageAdapter.test.ts(66,7): error TS2353: Object literal may only specify known properties, and 'climate' does not exist in type '{ elevation: string; outdoorTemp: string; indoorTemp: string; windSpeed: string; humidity: string; localCodes: string; }'.
src/core/persistence/adapters/__tests__/TauriStorageAdapter.test.ts(425,14): error TS2532: Object is possibly 'undefined'.
src/core/persistence/adapters/__tests__/TauriStorageAdapter.test.ts(438,14): error TS2532: Object is possibly 'undefined'.
src/core/persistence/adapters/__tests__/TauriStorageAdapter.test.ts(453,14): error TS2532: Object is possibly 'undefined'.
src/core/persistence/adapters/__tests__/TauriStorageAdapter.test.ts(454,14): error TS2532: Object is possibly 'undefined'.
src/core/persistence/adapters/__tests__/TauriStorageAdapter.test.ts(482,14): error TS2532: Object is possibly 'undefined'.
src/core/persistence/adapters/__tests__/TauriStorageAdapter.test.ts(489,14): error TS2532: Object is possibly 'undefined'.
src/core/persistence/adapters/__tests__/TauriStorageAdapter.test.ts(496,14): error TS2532: Object is possibly 'undefined'.
src/core/persistence/adapters/__tests__/TauriStorageAdapter.test.ts(589,14): error TS2532: Object is possibly 'undefined'.
src/core/persistence/adapters/__tests__/TauriStorageAdapter.test.ts(590,14): error TS2532: Object is possibly 'undefined'.
src/core/persistence/adapters/__tests__/TauriStorageAdapter.test.ts(599,14): error TS2532: Object is possibly 'undefined'.
src/core/persistence/adapters/WebStorageAdapter.ts(297,13): error TS2739: Type '{ projectId: string; projectName: string; createdAt: string; modifiedAt: string; schemaVersion: string; entities: { byId: Record<string, { id: string; transform: { x: number; y: number; rotation: number; scaleX: number; scaleY: number; }; ... 5 more ...; calculated: { ...; }; } | ... 4 more ... | { ...; }>; allIds: ...' is missing the following properties from type '{ schemaVersion: string; projectId: string; projectName: string; scope: { details: string[]; materials: { type: string; grade?: string | undefined; }[]; projectType: string; }; siteConditions: { elevation: string; ... 4 more ...; localCodes: string; }; ... 10 more ...; version?: string | undefined; }': scope, siteConditions, isArchived
src/core/store/__tests__/entityStore.test.ts(22,5): error TS2353: Object literal may only specify known properties, and 'height' does not exist in type '{ name: string; width: number; length: number; ceilingHeight: number; occupancyType: "office" | "retail" | "restaurant" | "kitchen_commercial" | "warehouse" | "classroom" | "conference" | "lobby"; airChangesPerHour: number; notes?: string | undefined; }'.
src/core/store/__tests__/integration/store.integration.test.ts(47,11): error TS2353: Object literal may only specify known properties, and 'height' does not exist in type '{ name: string; width: number; length: number; ceilingHeight: number; occupancyType: "office" | "retail" | "restaurant" | "kitchen_commercial" | "warehouse" | "classroom" | "conference" | "lobby"; airChangesPerHour: number; notes?: string | undefined; }'.
src/core/store/__tests__/integration/store.integration.test.ts(76,11): error TS2353: Object literal may only specify known properties, and 'height' does not exist in type '{ name: string; width: number; length: number; ceilingHeight: number; occupancyType: "office" | "retail" | "restaurant" | "kitchen_commercial" | "warehouse" | "classroom" | "conference" | "lobby"; airChangesPerHour: number; notes?: string | undefined; }'.
src/core/store/__tests__/integration/store.integration.test.ts(117,11): error TS2353: Object literal may only specify known properties, and 'height' does not exist in type '{ name: string; width: number; length: number; ceilingHeight: number; occupancyType: "office" | "retail" | "restaurant" | "kitchen_commercial" | "warehouse" | "classroom" | "conference" | "lobby"; airChangesPerHour: number; notes?: string | undefined; }'.
src/core/store/__tests__/integration/store.integration.test.ts(158,11): error TS2353: Object literal may only specify known properties, and 'height' does not exist in type '{ name: string; width: number; length: number; ceilingHeight: number; occupancyType: "office" | "retail" | "restaurant" | "kitchen_commercial" | "warehouse" | "classroom" | "conference" | "lobby"; airChangesPerHour: number; notes?: string | undefined; }'.
src/core/store/__tests__/integration/store.integration.test.ts(185,11): error TS2353: Object literal may only specify known properties, and 'height' does not exist in type '{ name: string; width: number; length: number; ceilingHeight: number; occupancyType: "office" | "retail" | "restaurant" | "kitchen_commercial" | "warehouse" | "classroom" | "conference" | "lobby"; airChangesPerHour: number; notes?: string | undefined; }'.
src/core/store/__tests__/integration/store.integration.test.ts(214,11): error TS2353: Object literal may only specify known properties, and 'height' does not exist in type '{ name: string; width: number; length: number; ceilingHeight: number; occupancyType: "office" | "retail" | "restaurant" | "kitchen_commercial" | "warehouse" | "classroom" | "conference" | "lobby"; airChangesPerHour: number; notes?: string | undefined; }'.
src/core/store/__tests__/integration/store.integration.test.ts(245,11): error TS2353: Object literal may only specify known properties, and 'height' does not exist in type '{ name: string; width: number; length: number; ceilingHeight: number; occupancyType: "office" | "retail" | "restaurant" | "kitchen_commercial" | "warehouse" | "classroom" | "conference" | "lobby"; airChangesPerHour: number; notes?: string | undefined; }'.
src/core/store/__tests__/integration/store.integration.test.ts(272,11): error TS2353: Object literal may only specify known properties, and 'height' does not exist in type '{ name: string; width: number; length: number; ceilingHeight: number; occupancyType: "office" | "retail" | "restaurant" | "kitchen_commercial" | "warehouse" | "classroom" | "conference" | "lobby"; airChangesPerHour: number; notes?: string | undefined; }'.
src/core/store/__tests__/integration/store.integration.test.ts(305,11): error TS2353: Object literal may only specify known properties, and 'height' does not exist in type '{ name: string; width: number; length: number; ceilingHeight: number; occupancyType: "office" | "retail" | "restaurant" | "kitchen_commercial" | "warehouse" | "classroom" | "conference" | "lobby"; airChangesPerHour: number; notes?: string | undefined; }'.
src/core/store/__tests__/integration/store.integration.test.ts(360,11): error TS2353: Object literal may only specify known properties, and 'height' does not exist in type '{ name: string; width: number; length: number; ceilingHeight: number; occupancyType: "office" | "retail" | "restaurant" | "kitchen_commercial" | "warehouse" | "classroom" | "conference" | "lobby"; airChangesPerHour: number; notes?: string | undefined; }'.
src/core/store/__tests__/integration/store.integration.test.ts(403,11): error TS2353: Object literal may only specify known properties, and 'height' does not exist in type '{ name: string; width: number; length: number; ceilingHeight: number; occupancyType: "office" | "retail" | "restaurant" | "kitchen_commercial" | "warehouse" | "classroom" | "conference" | "lobby"; airChangesPerHour: number; notes?: string | undefined; }'.
src/core/store/__tests__/integration/store.integration.test.ts(461,13): error TS2353: Object literal may only specify known properties, and 'height' does not exist in type '{ name: string; width: number; length: number; ceilingHeight: number; occupancyType: "office" | "retail" | "restaurant" | "kitchen_commercial" | "warehouse" | "classroom" | "conference" | "lobby"; airChangesPerHour: number; notes?: string | undefined; }'.
src/core/store/__tests__/integration/store.integration.test.ts(500,11): error TS2353: Object literal may only specify known properties, and 'height' does not exist in type '{ name: string; width: number; length: number; ceilingHeight: number; occupancyType: "office" | "retail" | "restaurant" | "kitchen_commercial" | "warehouse" | "classroom" | "conference" | "lobby"; airChangesPerHour: number; notes?: string | undefined; }'.
src/core/store/__tests__/integration/store.integration.test.ts(546,13): error TS2353: Object literal may only specify known properties, and 'height' does not exist in type '{ name: string; width: number; length: number; ceilingHeight: number; occupancyType: "office" | "retail" | "restaurant" | "kitchen_commercial" | "warehouse" | "classroom" | "conference" | "lobby"; airChangesPerHour: number; notes?: string | undefined; }'.
src/core/store/__tests__/integration/store.integration.test.ts(577,13): error TS2353: Object literal may only specify known properties, and 'height' does not exist in type '{ name: string; width: number; length: number; ceilingHeight: number; occupancyType: "office" | "retail" | "restaurant" | "kitchen_commercial" | "warehouse" | "classroom" | "conference" | "lobby"; airChangesPerHour: number; notes?: string | undefined; }'.
src/features/canvas/clipboard/__tests__/clipboardPayload.test.ts(21,5): error TS2322: Type '{ name: string; width: number; length: number; height: number; occupancyType: "office"; airChangesPerHour: number; }' is not assignable to type '{ name: string; width: number; length: number; ceilingHeight: number; occupancyType: "office" | "retail" | "restaurant" | "kitchen_commercial" | "warehouse" | "classroom" | "conference" | "lobby"; airChangesPerHour: number; notes?: string | undefined; } | ... 4 more ... | { ...; }'.
  Property 'ceilingHeight' is missing in type '{ name: string; width: number; length: number; height: number; occupancyType: "office"; airChangesPerHour: number; }' but required in type '{ name: string; width: number; length: number; ceilingHeight: number; occupancyType: "office" | "retail" | "restaurant" | "kitchen_commercial" | "warehouse" | "classroom" | "conference" | "lobby"; airChangesPerHour: number; notes?: string | undefined; }'.
src/features/canvas/clipboard/__tests__/entityClipboard.test.ts(38,5): error TS2322: Type '{ name: string; width: number; length: number; height: number; occupancyType: "office"; airChangesPerHour: number; }' is not assignable to type '{ name: string; width: number; length: number; ceilingHeight: number; occupancyType: "office" | "retail" | "restaurant" | "kitchen_commercial" | "warehouse" | "classroom" | "conference" | "lobby"; airChangesPerHour: number; notes?: string | undefined; } | ... 4 more ... | { ...; }'.
  Property 'ceilingHeight' is missing in type '{ name: string; width: number; length: number; height: number; occupancyType: "office"; airChangesPerHour: number; }' but required in type '{ name: string; width: number; length: number; ceilingHeight: number; occupancyType: "office" | "retail" | "restaurant" | "kitchen_commercial" | "warehouse" | "classroom" | "conference" | "lobby"; airChangesPerHour: number; notes?: string | undefined; }'.
src/features/canvas/components/__tests__/Toolbar.test.tsx(28,5): error TS2353: Object literal may only specify known properties, and 'height' does not exist in type '{ name: string; width: number; length: number; ceilingHeight: number; occupancyType: "office" | "retail" | "restaurant" | "kitchen_commercial" | "warehouse" | "classroom" | "conference" | "lobby"; airChangesPerHour: number; notes?: string | undefined; }'.
src/features/canvas/components/BOMPanel.tsx(3,8): error TS6133: 'React' is declared but its value is never read.
src/features/canvas/components/BOMTable.tsx(1,1): error TS6133: 'React' is declared but its value is never read.
src/features/canvas/components/BottomToolbar.tsx(3,1): error TS6133: 'React' is declared but its value is never read.
src/features/canvas/components/CanvasContainer.tsx(46,5): error TS2353: Object literal may only specify known properties, and 'line' does not exist in type 'Record<CanvasTool, ITool>'.
src/features/canvas/components/FABTool.tsx(3,8): error TS6133: 'React' is declared but its value is never read.
src/features/canvas/components/GridSettings.tsx(3,1): error TS6133: 'React' is declared but its value is never read.
src/features/canvas/components/Inspector/CanvasPropertiesInspector.tsx(3,1): error TS6133: 'React' is declared but its value is never read.
src/features/canvas/components/Inspector/DuctInspector.tsx(1,8): error TS6133: 'React' is declared but its value is never read.
src/features/canvas/components/Inspector/EquipmentInspector.tsx(1,8): error TS6133: 'React' is declared but its value is never read.
src/features/canvas/components/Inspector/PropertyField.tsx(1,8): error TS6133: 'React' is declared but its value is never read.
src/features/canvas/components/Inspector/RoomInspector.tsx(1,8): error TS6133: 'React' is declared but its value is never read.
src/features/canvas/components/ProductCatalogPanel.tsx(3,8): error TS6133: 'React' is declared but its value is never read.
src/features/canvas/components/ProjectSidebar.tsx(1,8): error TS6133: 'React' is declared but its value is never read.
src/features/canvas/components/RightSidebar.tsx(3,1): error TS6133: 'React' is declared but its value is never read.
src/features/canvas/components/SelectionMarquee.tsx(3,1): error TS6133: 'React' is declared but its value is never read.
src/features/canvas/components/Toolbar.tsx(7,3): error TS6133: 'useSelectedEquipmentType' is declared but its value is never read.
src/features/canvas/components/Toolbar.tsx(8,3): error TS6133: 'useSelectedFittingType' is declared but its value is never read.
src/features/canvas/components/Toolbar.tsx(13,1): error TS6133: 'EquipmentType' is declared but its value is never read.
src/features/canvas/components/Toolbar.tsx(14,1): error TS6133: 'FittingType' is declared but its value is never read.
src/features/canvas/components/Toolbar.tsx(15,1): error TS6133: 'EQUIPMENT_TYPE_LABELS' is declared but its value is never read.
src/features/canvas/hooks/__tests__/useAutoSave.test.ts(55,5): error TS2353: Object literal may only specify known properties, and 'height' does not exist in type '{ name: string; width: number; length: number; ceilingHeight: number; occupancyType: "office" | "retail" | "restaurant" | "kitchen_commercial" | "warehouse" | "classroom" | "conference" | "lobby"; airChangesPerHour: number; notes?: string | undefined; }'.
src/features/canvas/hooks/__tests__/useFieldValidation.test.ts(20,5): error TS2353: Object literal may only specify known properties, and 'height' does not exist in type '{ name: string; width: number; length: number; ceilingHeight: number; occupancyType: "office" | "retail" | "restaurant" | "kitchen_commercial" | "warehouse" | "classroom" | "conference" | "lobby"; airChangesPerHour: number; notes?: string | undefined; }'.
src/features/canvas/hooks/__tests__/useKeyboardShortcuts.test.ts(20,5): error TS2353: Object literal may only specify known properties, and 'height' does not exist in type '{ name: string; width: number; length: number; ceilingHeight: number; occupancyType: "office" | "retail" | "restaurant" | "kitchen_commercial" | "warehouse" | "classroom" | "conference" | "lobby"; airChangesPerHour: number; notes?: string | undefined; }'.
src/features/dashboard/components/ConfirmDialog.tsx(3,8): error TS6133: 'React' is declared but its value is never read.
