
> sizewise-hvac-canvas@0.1.0 type-check
> tsc --noEmit

app/StorageAdapterTest/page.tsx(5,34): error TS2307: Cannot find module '@/core/schema/ProjectFileSchema' or its corresponding type declarations.
src/__tests__/setup.ts(3,1): error TS6133: 'isTauri' is declared but its value is never read.
src/__tests__/setup.ts(3,25): error TS2307: Cannot find module '@/lib/platform' or its corresponding type declarations.
src/__tests__/user-journeys/export-workflow.test.ts(45,5): error TS2353: Object literal may only specify known properties, and 'height' does not exist in type '{ name: string; width: number; length: number; ceilingHeight: number; occupancyType: "office" | "retail" | "restaurant" | "kitchen_commercial" | "warehouse" | "classroom" | "conference" | "lobby"; airChangesPerHour: number; notes?: string | undefined; }'.
src/__tests__/user-journeys/export-workflow.test.ts(663,18): error TS2339: Property 'height' does not exist on type '{ name: string; width: number; length: number; ceilingHeight: number; occupancyType: "office" | "retail" | "restaurant" | "kitchen_commercial" | "warehouse" | "classroom" | "conference" | "lobby"; airChangesPerHour: number; notes?: string | undefined; }'.
src/__tests__/user-journeys/project-lifecycle.test.ts(36,5): error TS2353: Object literal may only specify known properties, and 'height' does not exist in type '{ name: string; width: number; length: number; ceilingHeight: number; occupancyType: "office" | "retail" | "restaurant" | "kitchen_commercial" | "warehouse" | "classroom" | "conference" | "lobby"; airChangesPerHour: number; notes?: string | undefined; }'.
src/components/common/DeviceWarning.tsx(3,8): error TS6133: 'React' is declared but its value is never read.
src/components/dialogs/KeyboardShortcutsDialog.tsx(3,1): error TS6133: 'React' is declared but its value is never read.
src/components/dialogs/SettingsDialog.tsx(3,1): error TS6133: 'React' is declared but its value is never read.
src/components/dialogs/UnsavedChangesDialog.tsx(3,8): error TS6133: 'React' is declared but its value is never read.
src/components/error/ErrorPage.tsx(3,1): error TS6133: 'React' is declared but its value is never read.
src/components/layout/ToolsMenu.tsx(68,51): error TS2345: Argument of type '"fitting"' is not assignable to parameter of type 'CanvasTool'.
src/components/ui/LoadingIndicator.tsx(3,1): error TS6133: 'React' is declared but its value is never read.
src/components/ui/ValidatedInput.tsx(1,1): error TS6133: 'React' is declared but its value is never read.
src/core/commands/__tests__/entityCommands.test.ts(19,5): error TS2353: Object literal may only specify known properties, and 'height' does not exist in type '{ name: string; width: number; length: number; ceilingHeight: number; occupancyType: "office" | "retail" | "restaurant" | "kitchen_commercial" | "warehouse" | "classroom" | "conference" | "lobby"; airChangesPerHour: number; notes?: string | undefined; }'.
src/core/persistence/__tests__/serialization.test.ts(15,23): error TS2554: Expected 1-2 arguments, but got 0.
src/core/persistence/__tests__/serialization.test.ts(24,23): error TS2554: Expected 1-2 arguments, but got 0.
src/core/persistence/__tests__/serialization.test.ts(31,23): error TS2554: Expected 1-2 arguments, but got 0.
src/core/persistence/__tests__/serialization.test.ts(49,23): error TS2554: Expected 1-2 arguments, but got 0.
src/core/persistence/__tests__/serialization.test.ts(66,23): error TS2554: Expected 1-2 arguments, but got 0.
src/core/persistence/__tests__/serialization.test.ts(90,23): error TS2554: Expected 1-2 arguments, but got 0.
src/core/persistence/__tests__/serialization.test.ts(102,23): error TS2554: Expected 1-2 arguments, but got 0.
src/core/persistence/__tests__/serialization.test.ts(110,23): error TS2554: Expected 1-2 arguments, but got 0.
src/core/persistence/__tests__/serialization.test.ts(120,23): error TS2554: Expected 1-2 arguments, but got 0.
src/core/persistence/__tests__/serialization.test.ts(138,23): error TS2554: Expected 1-2 arguments, but got 0.
src/core/persistence/adapters/__tests__/TauriStorageAdapter.test.ts(3,51): error TS2307: Cannot find module '../../../schema/ProjectFileSchema' or its corresponding type declarations.
src/core/persistence/adapters/__tests__/TauriStorageAdapter.test.ts(589,14): error TS2532: Object is possibly 'undefined'.
src/core/persistence/adapters/__tests__/TauriStorageAdapter.test.ts(590,14): error TS2532: Object is possibly 'undefined'.
src/core/persistence/adapters/__tests__/TauriStorageAdapter.test.ts(599,14): error TS2532: Object is possibly 'undefined'.
src/core/persistence/adapters/TauriStorageAdapter.ts(2,46): error TS2307: Cannot find module '../../schema/ProjectFileSchema' or its corresponding type declarations.
src/core/persistence/adapters/TauriStorageAdapter.ts(14,58): error TS2307: Cannot find module '../../schema/ProjectFileSchema' or its corresponding type declarations.
src/core/persistence/directoryHandleManager.ts(109,26): error TS2339: Property 'queryPermission' does not exist on type 'FileSystemDirectoryHandle'.
src/core/persistence/directoryHandleManager.ts(114,45): error TS2339: Property 'requestPermission' does not exist on type 'FileSystemDirectoryHandle'.
src/core/persistence/StorageAdapter.ts(1,46): error TS2307: Cannot find module '../schema/ProjectFileSchema' or its corresponding type declarations.
src/core/persistence/TauriFileSystem.ts(1,56): error TS2307: Cannot find module '@/core/schema/ProjectFileSchema' or its corresponding type declarations.
src/core/persistence/types.ts(1,38): error TS2307: Cannot find module '../schema/ProjectFileSchema' or its corresponding type declarations.
src/core/schema/__tests__/project-file.schema.test.ts(243,30): error TS2339: Property 'pixelsPerUnit' does not exist on type '{}'.
src/core/store/__tests__/entityStore.test.ts(22,5): error TS2353: Object literal may only specify known properties, and 'height' does not exist in type '{ name: string; width: number; length: number; ceilingHeight: number; occupancyType: "office" | "retail" | "restaurant" | "kitchen_commercial" | "warehouse" | "classroom" | "conference" | "lobby"; airChangesPerHour: number; notes?: string | undefined; }'.
src/core/store/__tests__/integration/store.integration.test.ts(47,11): error TS2353: Object literal may only specify known properties, and 'height' does not exist in type '{ name: string; width: number; length: number; ceilingHeight: number; occupancyType: "office" | "retail" | "restaurant" | "kitchen_commercial" | "warehouse" | "classroom" | "conference" | "lobby"; airChangesPerHour: number; notes?: string | undefined; }'.
src/core/store/__tests__/integration/store.integration.test.ts(76,11): error TS2353: Object literal may only specify known properties, and 'height' does not exist in type '{ name: string; width: number; length: number; ceilingHeight: number; occupancyType: "office" | "retail" | "restaurant" | "kitchen_commercial" | "warehouse" | "classroom" | "conference" | "lobby"; airChangesPerHour: number; notes?: string | undefined; }'.
src/core/store/__tests__/integration/store.integration.test.ts(117,11): error TS2353: Object literal may only specify known properties, and 'height' does not exist in type '{ name: string; width: number; length: number; ceilingHeight: number; occupancyType: "office" | "retail" | "restaurant" | "kitchen_commercial" | "warehouse" | "classroom" | "conference" | "lobby"; airChangesPerHour: number; notes?: string | undefined; }'.
src/core/store/__tests__/integration/store.integration.test.ts(158,11): error TS2353: Object literal may only specify known properties, and 'height' does not exist in type '{ name: string; width: number; length: number; ceilingHeight: number; occupancyType: "office" | "retail" | "restaurant" | "kitchen_commercial" | "warehouse" | "classroom" | "conference" | "lobby"; airChangesPerHour: number; notes?: string | undefined; }'.
src/core/store/__tests__/integration/store.integration.test.ts(185,11): error TS2353: Object literal may only specify known properties, and 'height' does not exist in type '{ name: string; width: number; length: number; ceilingHeight: number; occupancyType: "office" | "retail" | "restaurant" | "kitchen_commercial" | "warehouse" | "classroom" | "conference" | "lobby"; airChangesPerHour: number; notes?: string | undefined; }'.
src/core/store/__tests__/integration/store.integration.test.ts(214,11): error TS2353: Object literal may only specify known properties, and 'height' does not exist in type '{ name: string; width: number; length: number; ceilingHeight: number; occupancyType: "office" | "retail" | "restaurant" | "kitchen_commercial" | "warehouse" | "classroom" | "conference" | "lobby"; airChangesPerHour: number; notes?: string | undefined; }'.
src/core/store/__tests__/integration/store.integration.test.ts(245,11): error TS2353: Object literal may only specify known properties, and 'height' does not exist in type '{ name: string; width: number; length: number; ceilingHeight: number; occupancyType: "office" | "retail" | "restaurant" | "kitchen_commercial" | "warehouse" | "classroom" | "conference" | "lobby"; airChangesPerHour: number; notes?: string | undefined; }'.
src/core/store/__tests__/integration/store.integration.test.ts(272,11): error TS2353: Object literal may only specify known properties, and 'height' does not exist in type '{ name: string; width: number; length: number; ceilingHeight: number; occupancyType: "office" | "retail" | "restaurant" | "kitchen_commercial" | "warehouse" | "classroom" | "conference" | "lobby"; airChangesPerHour: number; notes?: string | undefined; }'.
src/core/store/__tests__/integration/store.integration.test.ts(305,11): error TS2353: Object literal may only specify known properties, and 'height' does not exist in type '{ name: string; width: number; length: number; ceilingHeight: number; occupancyType: "office" | "retail" | "restaurant" | "kitchen_commercial" | "warehouse" | "classroom" | "conference" | "lobby"; airChangesPerHour: number; notes?: string | undefined; }'.
src/core/store/__tests__/integration/store.integration.test.ts(360,11): error TS2353: Object literal may only specify known properties, and 'height' does not exist in type '{ name: string; width: number; length: number; ceilingHeight: number; occupancyType: "office" | "retail" | "restaurant" | "kitchen_commercial" | "warehouse" | "classroom" | "conference" | "lobby"; airChangesPerHour: number; notes?: string | undefined; }'.
src/core/store/__tests__/integration/store.integration.test.ts(403,11): error TS2353: Object literal may only specify known properties, and 'height' does not exist in type '{ name: string; width: number; length: number; ceilingHeight: number; occupancyType: "office" | "retail" | "restaurant" | "kitchen_commercial" | "warehouse" | "classroom" | "conference" | "lobby"; airChangesPerHour: number; notes?: string | undefined; }'.
src/core/store/__tests__/integration/store.integration.test.ts(461,13): error TS2353: Object literal may only specify known properties, and 'height' does not exist in type '{ name: string; width: number; length: number; ceilingHeight: number; occupancyType: "office" | "retail" | "restaurant" | "kitchen_commercial" | "warehouse" | "classroom" | "conference" | "lobby"; airChangesPerHour: number; notes?: string | undefined; }'.
src/core/store/__tests__/integration/store.integration.test.ts(500,11): error TS2353: Object literal may only specify known properties, and 'height' does not exist in type '{ name: string; width: number; length: number; ceilingHeight: number; occupancyType: "office" | "retail" | "restaurant" | "kitchen_commercial" | "warehouse" | "classroom" | "conference" | "lobby"; airChangesPerHour: number; notes?: string | undefined; }'.
src/core/store/__tests__/integration/store.integration.test.ts(546,13): error TS2353: Object literal may only specify known properties, and 'height' does not exist in type '{ name: string; width: number; length: number; ceilingHeight: number; occupancyType: "office" | "retail" | "restaurant" | "kitchen_commercial" | "warehouse" | "classroom" | "conference" | "lobby"; airChangesPerHour: number; notes?: string | undefined; }'.
src/core/store/__tests__/integration/store.integration.test.ts(577,13): error TS2353: Object literal may only specify known properties, and 'height' does not exist in type '{ name: string; width: number; length: number; ceilingHeight: number; occupancyType: "office" | "retail" | "restaurant" | "kitchen_commercial" | "warehouse" | "classroom" | "conference" | "lobby"; airChangesPerHour: number; notes?: string | undefined; }'.
src/features/canvas/clipboard/__tests__/clipboardPayload.test.ts(21,5): error TS2322: Type '{ name: string; width: number; length: number; height: number; occupancyType: "office"; airChangesPerHour: number; }' is not assignable to type '{ name: string; shape: "round" | "rectangular"; length: number; material: "galvanized" | "stainless" | "aluminum" | "flex"; airflow: number; staticPressure: number; diameter?: number | undefined; width?: number | undefined; height?: number | undefined; connectedFrom?: string | undefined; connectedTo?: string | undef...'.
  Property 'ceilingHeight' is missing in type '{ name: string; width: number; length: number; height: number; occupancyType: "office"; airChangesPerHour: number; }' but required in type '{ name: string; width: number; length: number; ceilingHeight: number; occupancyType: "office" | "retail" | "restaurant" | "kitchen_commercial" | "warehouse" | "classroom" | "conference" | "lobby"; airChangesPerHour: number; notes?: string | undefined; }'.
src/features/canvas/clipboard/__tests__/entityClipboard.test.ts(38,5): error TS2322: Type '{ name: string; width: number; length: number; height: number; occupancyType: "office"; airChangesPerHour: number; }' is not assignable to type '{ name: string; shape: "round" | "rectangular"; length: number; material: "galvanized" | "stainless" | "aluminum" | "flex"; airflow: number; staticPressure: number; diameter?: number | undefined; width?: number | undefined; height?: number | undefined; connectedFrom?: string | undefined; connectedTo?: string | undef...'.
  Property 'ceilingHeight' is missing in type '{ name: string; width: number; length: number; height: number; occupancyType: "office"; airChangesPerHour: number; }' but required in type '{ name: string; width: number; length: number; ceilingHeight: number; occupancyType: "office" | "retail" | "restaurant" | "kitchen_commercial" | "warehouse" | "classroom" | "conference" | "lobby"; airChangesPerHour: number; notes?: string | undefined; }'.
src/features/canvas/components/__tests__/Toolbar.test.tsx(28,5): error TS2353: Object literal may only specify known properties, and 'height' does not exist in type '{ name: string; width: number; length: number; ceilingHeight: number; occupancyType: "office" | "retail" | "restaurant" | "kitchen_commercial" | "warehouse" | "classroom" | "conference" | "lobby"; airChangesPerHour: number; notes?: string | undefined; }'.
src/features/canvas/components/BOMPanel.tsx(3,8): error TS6133: 'React' is declared but its value is never read.
src/features/canvas/components/BOMTable.tsx(1,1): error TS6133: 'React' is declared but its value is never read.
src/features/canvas/components/BottomToolbar.tsx(3,1): error TS6133: 'React' is declared but its value is never read.
src/features/canvas/components/CanvasContainer.tsx(46,5): error TS2353: Object literal may only specify known properties, and 'line' does not exist in type 'Record<CanvasTool, ITool>'.
src/features/canvas/components/FABTool.tsx(3,8): error TS6133: 'React' is declared but its value is never read.
src/features/canvas/components/GridSettings.tsx(3,1): error TS6133: 'React' is declared but its value is never read.
src/features/canvas/components/Inspector/CanvasPropertiesInspector.tsx(3,1): error TS6133: 'React' is declared but its value is never read.
src/features/canvas/components/Inspector/DuctInspector.tsx(1,8): error TS6133: 'React' is declared but its value is never read.
src/features/canvas/components/Inspector/EquipmentInspector.tsx(1,8): error TS6133: 'React' is declared but its value is never read.
src/features/canvas/components/Inspector/PropertyField.tsx(1,8): error TS6133: 'React' is declared but its value is never read.
src/features/canvas/components/Inspector/RoomInspector.tsx(1,8): error TS6133: 'React' is declared but its value is never read.
src/features/canvas/components/ProductCatalogPanel.tsx(3,8): error TS6133: 'React' is declared but its value is never read.
src/features/canvas/components/ProjectSidebar.tsx(1,8): error TS6133: 'React' is declared but its value is never read.
src/features/canvas/components/RightSidebar.tsx(3,1): error TS6133: 'React' is declared but its value is never read.
src/features/canvas/components/SelectionMarquee.tsx(3,1): error TS6133: 'React' is declared but its value is never read.
src/features/canvas/components/Toolbar.tsx(7,3): error TS6133: 'useSelectedEquipmentType' is declared but its value is never read.
src/features/canvas/components/Toolbar.tsx(8,3): error TS6133: 'useSelectedFittingType' is declared but its value is never read.
src/features/canvas/components/Toolbar.tsx(13,1): error TS6133: 'EquipmentType' is declared but its value is never read.
src/features/canvas/components/Toolbar.tsx(14,1): error TS6133: 'FittingType' is declared but its value is never read.
src/features/canvas/components/Toolbar.tsx(15,1): error TS6133: 'EQUIPMENT_TYPE_LABELS' is declared but its value is never read.
src/features/canvas/hooks/__tests__/useAutoSave.test.ts(55,5): error TS2353: Object literal may only specify known properties, and 'height' does not exist in type '{ name: string; width: number; length: number; ceilingHeight: number; occupancyType: "office" | "retail" | "restaurant" | "kitchen_commercial" | "warehouse" | "classroom" | "conference" | "lobby"; airChangesPerHour: number; notes?: string | undefined; }'.
src/features/canvas/hooks/__tests__/useAutoSave.test.ts(63,3): error TS2739: Type '{ schemaVersion: string; projectId: string; projectName: string; projectNumber: string; clientName: string; createdAt: string; modifiedAt: string; entities: { byId: {}; allIds: never[]; }; viewportState: { ...; }; settings: { ...; }; commandHistory: { ...; }; }' is missing the following properties from type '{ [x: string]: unknown; schemaVersion: string; projectId: string; projectName: string; scope: { details: string[]; materials: { type: string; grade?: string | undefined; }[]; projectType: string; }; siteConditions: { ...; }; ... 13 more ...; billOfMaterials?: unknown; }': scope, siteConditions, isArchived
src/features/canvas/hooks/__tests__/useFieldValidation.test.ts(20,5): error TS2353: Object literal may only specify known properties, and 'height' does not exist in type '{ name: string; width: number; length: number; ceilingHeight: number; occupancyType: "office" | "retail" | "restaurant" | "kitchen_commercial" | "warehouse" | "classroom" | "conference" | "lobby"; airChangesPerHour: number; notes?: string | undefined; }'.
src/features/canvas/hooks/__tests__/useKeyboardShortcuts.test.ts(20,5): error TS2353: Object literal may only specify known properties, and 'height' does not exist in type '{ name: string; width: number; length: number; ceilingHeight: number; occupancyType: "office" | "retail" | "restaurant" | "kitchen_commercial" | "warehouse" | "classroom" | "conference" | "lobby"; airChangesPerHour: number; notes?: string | undefined; }'.
src/features/dashboard/components/NewProjectDialog.tsx(15,36): error TS2307: Cannot find module '@/core/schema/ProjectFileSchema' or its corresponding type declarations.
src/features/export/__tests__/export.test.ts(18,47): error TS2739: Type '{ schemaVersion: string; projectId: string; projectName: string; projectNumber: string; clientName: string; createdAt: string; modifiedAt: string; entities: { byId: { 'room-1': { id: string; type: "room"; ... 5 more ...; calculated: { ...; }; }; 'duct-1': { ...; }; 'equipment-1': { ...; }; }; allIds: string[]; }; vi...' is missing the following properties from type '{ [x: string]: unknown; schemaVersion: string; projectId: string; projectName: string; scope: { details: string[]; materials: { type: string; grade?: string | undefined; }[]; projectType: string; }; siteConditions: { ...; }; ... 13 more ...; billOfMaterials?: unknown; }': scope, siteConditions, isArchived
src/test/manualStorageTest.ts(19,34): error TS2307: Cannot find module '@/core/schema/ProjectFileSchema' or its corresponding type declarations.
